This file contains any messages produced by compilers while
running configure, to aid debugging if configure makes a mistake.

It was created by ukui-settings-daemon configure 1.1.1, which was
generated by GNU Autoconf 2.69.  Invocation command line was

  $ ./configure 

## --------- ##
## Platform. ##
## --------- ##

hostname = dingjing-pc
uname -m = x86_64
uname -r = 5.3.0-42-generic
uname -s = Linux
uname -v = #34-Ubuntu SMP Fri Feb 28 05:49:40 UTC 2020

/usr/bin/uname -p = x86_64
/bin/uname -X     = unknown

/bin/arch              = x86_64
/usr/bin/arch -k       = unknown
/usr/convex/getsysinfo = unknown
/usr/bin/hostinfo      = unknown
/bin/machine           = unknown
/usr/bin/oslevel       = unknown
/bin/universe          = unknown

PATH: /opt/Qt5.14.0/Tools/QtCreator/bin
PATH: /opt/Qt5.14.0/5.14.0/gcc_64/bin
PATH: /usr/local/sbin
PATH: /usr/local/bin
PATH: /usr/sbin
PATH: /usr/bin
PATH: /sbin
PATH: /bin
PATH: /usr/games
PATH: /usr/local/games


## ----------- ##
## Core tests. ##
## ----------- ##

configure:2653: checking for a BSD-compatible install
configure:2721: result: /usr/bin/install -c
configure:2732: checking whether build environment is sane
configure:2787: result: yes
configure:2936: checking for a thread-safe mkdir -p
configure:2975: result: /usr/bin/mkdir -p
configure:2982: checking for gawk
configure:3012: result: no
configure:2982: checking for mawk
configure:2998: found /usr/bin/mawk
configure:3009: result: mawk
configure:3020: checking whether make sets $(MAKE)
configure:3042: result: yes
configure:3071: checking whether make supports nested variables
configure:3088: result: yes
configure:3177: checking whether UID '1000' is supported by ustar format
configure:3180: result: yes
configure:3187: checking whether GID '1000' is supported by ustar format
configure:3190: result: yes
configure:3198: checking how to create a ustar tar archive
configure:3209: tar --version
tar (GNU tar) 1.30
Copyright (C) 2017 Free Software Foundation, Inc.
License GPLv3+: GNU GPL version 3 or later <https://gnu.org/licenses/gpl.html>.
This is free software: you are free to change and redistribute it.
There is NO WARRANTY, to the extent permitted by law.

Written by John Gilmore and Jay Fenlason.
configure:3212: $? = 0
configure:3252: tardir=conftest.dir && eval tar --format=ustar -chf - "$tardir" >conftest.tar
configure:3255: $? = 0
configure:3259: tar -xf - <conftest.tar
configure:3262: $? = 0
configure:3264: cat conftest.dir/file
GrepMe
configure:3267: $? = 0
configure:3280: result: gnutar
configure:3331: checking whether to enable maintainer-specific portions of Makefiles
configure:3340: result: yes
configure:3365: checking whether make supports nested variables
configure:3382: result: yes
configure:3398: checking whether make supports the include directive
configure:3413: make -f confmf.GNU && cat confinc.out
this is the am__doit target
configure:3416: $? = 0
configure:3435: result: yes (GNU style)
configure:3505: checking for gcc
configure:3521: found /usr/bin/gcc
configure:3532: result: gcc
configure:3761: checking for C compiler version
configure:3770: gcc --version >&5
gcc (Ubuntu 9.2.1-9ubuntu2) 9.2.1 20191008
Copyright (C) 2019 Free Software Foundation, Inc.
This is free software; see the source for copying conditions.  There is NO
warranty; not even for MERCHANTABILITY or FITNESS FOR A PARTICULAR PURPOSE.

configure:3781: $? = 0
configure:3770: gcc -v >&5
Using built-in specs.
COLLECT_GCC=gcc
COLLECT_LTO_WRAPPER=/usr/lib/gcc/x86_64-linux-gnu/9/lto-wrapper
OFFLOAD_TARGET_NAMES=nvptx-none:hsa
OFFLOAD_TARGET_DEFAULT=1
Target: x86_64-linux-gnu
Configured with: ../src/configure -v --with-pkgversion='Ubuntu 9.2.1-9ubuntu2' --with-bugurl=file:///usr/share/doc/gcc-9/README.Bugs --enable-languages=c,ada,c++,go,brig,d,fortran,objc,obj-c++,gm2 --prefix=/usr --with-gcc-major-version-only --program-suffix=-9 --program-prefix=x86_64-linux-gnu- --enable-shared --enable-linker-build-id --libexecdir=/usr/lib --without-included-gettext --enable-threads=posix --libdir=/usr/lib --enable-nls --enable-bootstrap --enable-clocale=gnu --enable-libstdcxx-debug --enable-libstdcxx-time=yes --with-default-libstdcxx-abi=new --enable-gnu-unique-object --disable-vtable-verify --enable-plugin --enable-default-pie --with-system-zlib --with-target-system-zlib=auto --enable-multiarch --disable-werror --with-arch-32=i686 --with-abi=m64 --with-multilib-list=m32,m64,mx32 --enable-multilib --with-tune=generic --enable-offload-targets=nvptx-none,hsa --without-cuda-driver --enable-checking=release --build=x86_64-linux-gnu --host=x86_64-linux-gnu --target=x86_64-linux-gnu
Thread model: posix
gcc version 9.2.1 20191008 (Ubuntu 9.2.1-9ubuntu2) 
configure:3781: $? = 0
configure:3770: gcc -V >&5
gcc: error: unrecognized command line option '-V'
gcc: fatal error: no input files
compilation terminated.
configure:3781: $? = 1
configure:3770: gcc -qversion >&5
gcc: error: unrecognized command line option '-qversion'; did you mean '--version'?
gcc: fatal error: no input files
compilation terminated.
configure:3781: $? = 1
configure:3801: checking whether the C compiler works
configure:3823: gcc    conftest.c  >&5
configure:3827: $? = 0
configure:3875: result: yes
configure:3878: checking for C compiler default output file name
configure:3880: result: a.out
configure:3886: checking for suffix of executables
configure:3893: gcc -o conftest    conftest.c  >&5
configure:3897: $? = 0
configure:3919: result: 
configure:3941: checking whether we are cross compiling
configure:3949: gcc -o conftest    conftest.c  >&5
configure:3953: $? = 0
configure:3960: ./conftest
configure:3964: $? = 0
configure:3952: result: no
configure:3957: checking for suffix of object files
configure:3979: gcc -c   conftest.c >&5
configure:3983: $? = 0
configure:4004: result: o
configure:4008: checking whether we are using the GNU C compiler
configure:4027: gcc -c   conftest.c >&5
configure:4027: $? = 0
configure:4036: result: yes
configure:4045: checking whether gcc accepts -g
configure:4065: gcc -c -g  conftest.c >&5
configure:4065: $? = 0
configure:4106: result: yes
configure:4123: checking for gcc option to accept ISO C89
configure:4186: gcc  -c -g -O2  conftest.c >&5
configure:4186: $? = 0
configure:4199: result: none needed
configure:4224: checking whether gcc understands -c and -o together
configure:4246: gcc -c conftest.c -o conftest2.o
configure:4249: $? = 0
configure:4246: gcc -c conftest.c -o conftest2.o
configure:4249: $? = 0
configure:4261: result: yes
configure:4280: checking dependency style of gcc
configure:4391: result: gcc3
configure:4412: checking how to run the C preprocessor
configure:4443: gcc -E  conftest.c
configure:4443: $? = 0
configure:4457: gcc -E  conftest.c
conftest.c:11:10: fatal error: ac_nonexistent.h: No such file or directory
   11 | #include <ac_nonexistent.h>
      |          ^~~~~~~~~~~~~~~~~~
compilation terminated.
configure:4457: $? = 1
configure: failed program was:
| /* confdefs.h */
| #define PACKAGE_NAME "ukui-settings-daemon"
| #define PACKAGE_TARNAME "ukui-settings-daemon"
| #define PACKAGE_VERSION "1.1.1"
| #define PACKAGE_STRING "ukui-settings-daemon 1.1.1"
| #define PACKAGE_BUGREPORT "http://www.ukui.org/"
| #define PACKAGE_URL ""
| #define PACKAGE "ukui-settings-daemon"
| #define VERSION "1.1.1"
| /* end confdefs.h.  */
| #include <ac_nonexistent.h>
configure:4482: result: gcc -E
configure:4502: gcc -E  conftest.c
configure:4502: $? = 0
configure:4516: gcc -E  conftest.c
conftest.c:11:10: fatal error: ac_nonexistent.h: No such file or directory
   11 | #include <ac_nonexistent.h>
      |          ^~~~~~~~~~~~~~~~~~
compilation terminated.
configure:4516: $? = 1
configure: failed program was:
| /* confdefs.h */
| #define PACKAGE_NAME "ukui-settings-daemon"
| #define PACKAGE_TARNAME "ukui-settings-daemon"
| #define PACKAGE_VERSION "1.1.1"
| #define PACKAGE_STRING "ukui-settings-daemon 1.1.1"
| #define PACKAGE_BUGREPORT "http://www.ukui.org/"
| #define PACKAGE_URL ""
| #define PACKAGE "ukui-settings-daemon"
| #define VERSION "1.1.1"
| /* end confdefs.h.  */
| #include <ac_nonexistent.h>
configure:4545: checking for grep that handles long lines and -e
configure:4603: result: /usr/bin/grep
configure:4608: checking for egrep
configure:4670: result: /usr/bin/grep -E
configure:4675: checking for ANSI C header files
configure:4695: gcc -c -g -O2  conftest.c >&5
configure:4695: $? = 0
configure:4768: gcc -o conftest -g -O2   conftest.c  >&5
configure:4768: $? = 0
configure:4768: ./conftest
configure:4768: $? = 0
configure:4779: result: yes
configure:4845: checking for g++
configure:4861: found /usr/bin/g++
configure:4872: result: g++
configure:4899: checking for C++ compiler version
configure:4908: g++ --version >&5
g++ (Ubuntu 9.2.1-9ubuntu2) 9.2.1 20191008
Copyright (C) 2019 Free Software Foundation, Inc.
This is free software; see the source for copying conditions.  There is NO
warranty; not even for MERCHANTABILITY or FITNESS FOR A PARTICULAR PURPOSE.

configure:4919: $? = 0
configure:4908: g++ -v >&5
Using built-in specs.
COLLECT_GCC=g++
COLLECT_LTO_WRAPPER=/usr/lib/gcc/x86_64-linux-gnu/9/lto-wrapper
OFFLOAD_TARGET_NAMES=nvptx-none:hsa
OFFLOAD_TARGET_DEFAULT=1
Target: x86_64-linux-gnu
Configured with: ../src/configure -v --with-pkgversion='Ubuntu 9.2.1-9ubuntu2' --with-bugurl=file:///usr/share/doc/gcc-9/README.Bugs --enable-languages=c,ada,c++,go,brig,d,fortran,objc,obj-c++,gm2 --prefix=/usr --with-gcc-major-version-only --program-suffix=-9 --program-prefix=x86_64-linux-gnu- --enable-shared --enable-linker-build-id --libexecdir=/usr/lib --without-included-gettext --enable-threads=posix --libdir=/usr/lib --enable-nls --enable-bootstrap --enable-clocale=gnu --enable-libstdcxx-debug --enable-libstdcxx-time=yes --with-default-libstdcxx-abi=new --enable-gnu-unique-object --disable-vtable-verify --enable-plugin --enable-default-pie --with-system-zlib --with-target-system-zlib=auto --enable-multiarch --disable-werror --with-arch-32=i686 --with-abi=m64 --with-multilib-list=m32,m64,mx32 --enable-multilib --with-tune=generic --enable-offload-targets=nvptx-none,hsa --without-cuda-driver --enable-checking=release --build=x86_64-linux-gnu --host=x86_64-linux-gnu --target=x86_64-linux-gnu
Thread model: posix
gcc version 9.2.1 20191008 (Ubuntu 9.2.1-9ubuntu2) 
configure:4919: $? = 0
configure:4908: g++ -V >&5
g++: error: unrecognized command line option '-V'
g++: fatal error: no input files
compilation terminated.
configure:4919: $? = 1
configure:4908: g++ -qversion >&5
g++: error: unrecognized command line option '-qversion'; did you mean '--version'?
g++: fatal error: no input files
compilation terminated.
configure:4919: $? = 1
configure:4923: checking whether we are using the GNU C++ compiler
configure:4942: g++ -c   conftest.cpp >&5
configure:4942: $? = 0
configure:4951: result: yes
configure:4960: checking whether g++ accepts -g
configure:4980: g++ -c -g  conftest.cpp >&5
configure:4980: $? = 0
configure:5021: result: yes
configure:5046: checking dependency style of g++
configure:5157: result: gcc3
configure:5202: checking build system type
configure:5216: result: x86_64-pc-linux-gnu
configure:5236: checking host system type
configure:5249: result: x86_64-pc-linux-gnu
configure:5290: checking how to print strings
configure:5317: result: printf
configure:5338: checking for a sed that does not truncate output
configure:5402: result: /usr/bin/sed
configure:5420: checking for fgrep
configure:5482: result: /usr/bin/grep -F
configure:5517: checking for ld used by gcc
configure:5584: result: /usr/bin/ld
configure:5591: checking if the linker (/usr/bin/ld) is GNU ld
configure:5606: result: yes
configure:5618: checking for BSD- or MS-compatible name lister (nm)
configure:5672: result: /usr/bin/nm -B
configure:5802: checking the name lister (/usr/bin/nm -B) interface
configure:5809: gcc -c -g -O2  conftest.c >&5
configure:5812: /usr/bin/nm -B "conftest.o"
configure:5815: output
0000000000000000 B some_variable
configure:5816: result: BSD nm
configure:5819: checking whether ln -s works
configure:5823: result: yes
configure:5831: checking the maximum length of command line arguments
configure:5962: result: 1572864
configure:6010: checking how to convert x86_64-pc-linux-gnu file names to x86_64-pc-linux-gnu format
configure:6050: result: func_convert_file_noop
configure:6057: checking how to convert x86_64-pc-linux-gnu file names to toolchain format
configure:6077: result: func_convert_file_noop
configure:6084: checking for /usr/bin/ld option to reload object files
configure:6091: result: -r
configure:6165: checking for objdump
configure:6181: found /usr/bin/objdump
configure:6192: result: objdump
configure:6224: checking how to recognize dependent libraries
configure:6424: result: pass_all
configure:6509: checking for dlltool
configure:6539: result: no
configure:6569: checking how to associate runtime and link libraries
configure:6596: result: printf %s\n
configure:6656: checking for ar
configure:6672: found /usr/bin/ar
configure:6683: result: ar
configure:6720: checking for archiver @FILE support
configure:6737: gcc -c -g -O2  conftest.c >&5
configure:6737: $? = 0
configure:6740: ar cru libconftest.a @conftest.lst >&5
ar: `u' modifier ignored since `D' is the default (see `U')
configure:6743: $? = 0
configure:6748: ar cru libconftest.a @conftest.lst >&5
ar: `u' modifier ignored since `D' is the default (see `U')
ar: conftest.o: No such file or directory
configure:6751: $? = 1
configure:6750: result: @
configure:6808: checking for strip
configure:6824: found /usr/bin/strip
configure:6835: result: strip
configure:6907: checking for ranlib
configure:6923: found /usr/bin/ranlib
configure:6934: result: ranlib
configure:7036: checking command to parse /usr/bin/nm -B output from gcc object
configure:7189: gcc -c -g -O2  conftest.c >&5
configure:7192: $? = 0
configure:7196: /usr/bin/nm -B conftest.o | sed -n -e 's/^.*[	 ]\([ABCDGIRSTW][ABCDGIRSTW]*\)[	 ][	 ]*\([_A-Za-z][_A-Za-z0-9]*\)$/\1 \2 \2/p' | sed '/ __gnu_lto/d' > conftest.nm
configure:7262: gcc -o conftest -g -O2   conftest.c conftstm.o >&5
configure:7265: $? = 0
configure:7303: result: ok
configure:7350: checking for sysroot
configure:7380: result: no
configure:7387: checking for a working dd
configure:7425: result: /usr/bin/dd
configure:7429: checking how to truncate binary pipes
configure:7444: result: /usr/bin/dd bs=4096 count=1
configure:7580: gcc -c -g -O2  conftest.c >&5
configure:7583: $? = 0
configure:7773: checking for mt
configure:7789: found /usr/bin/mt
configure:7800: result: mt
configure:7823: checking if mt is a manifest tool
configure:7829: mt '-?'
configure:7837: result: no
configure:8514: checking for sys/types.h
configure:8514: gcc -c -g -O2  conftest.c >&5
configure:8514: $? = 0
configure:8514: result: yes
configure:8514: checking for sys/stat.h
configure:8514: gcc -c -g -O2  conftest.c >&5
configure:8514: $? = 0
configure:8514: result: yes
configure:8514: checking for stdlib.h
configure:8514: gcc -c -g -O2  conftest.c >&5
configure:8514: $? = 0
configure:8514: result: yes
configure:8514: checking for string.h
configure:8514: gcc -c -g -O2  conftest.c >&5
configure:8514: $? = 0
configure:8514: result: yes
configure:8514: checking for memory.h
configure:8514: gcc -c -g -O2  conftest.c >&5
configure:8514: $? = 0
configure:8514: result: yes
configure:8514: checking for strings.h
configure:8514: gcc -c -g -O2  conftest.c >&5
configure:8514: $? = 0
configure:8514: result: yes
configure:8514: checking for inttypes.h
configure:8514: gcc -c -g -O2  conftest.c >&5
configure:8514: $? = 0
configure:8514: result: yes
configure:8514: checking for stdint.h
configure:8514: gcc -c -g -O2  conftest.c >&5
configure:8514: $? = 0
configure:8514: result: yes
configure:8514: checking for unistd.h
configure:8514: gcc -c -g -O2  conftest.c >&5
configure:8514: $? = 0
configure:8514: result: yes
configure:8528: checking for dlfcn.h
configure:8528: gcc -c -g -O2  conftest.c >&5
configure:8528: $? = 0
configure:8528: result: yes
configure:8795: checking for objdir
configure:8810: result: .libs
configure:9074: checking if gcc supports -fno-rtti -fno-exceptions
configure:9092: gcc -c -g -O2  -fno-rtti -fno-exceptions conftest.c >&5
cc1: warning: command line option '-fno-rtti' is valid for C++/D/ObjC++ but not for C
configure:9096: $? = 0
configure:9109: result: no
configure:9473: checking for gcc option to produce PIC
configure:9480: result: -fPIC -DPIC
configure:9488: checking if gcc PIC flag -fPIC -DPIC works
configure:9506: gcc -c -g -O2  -fPIC -DPIC -DPIC conftest.c >&5
configure:9510: $? = 0
configure:9523: result: yes
configure:9552: checking if gcc static flag -static works
configure:9580: result: yes
configure:9595: checking if gcc supports -c -o file.o
configure:9616: gcc -c -g -O2  -o out/conftest2.o conftest.c >&5
configure:9620: $? = 0
configure:9642: result: yes
configure:9650: checking if gcc supports -c -o file.o
configure:9697: result: yes
configure:9730: checking whether the gcc linker (/usr/bin/ld -m elf_x86_64) supports shared libraries
configure:10993: result: yes
configure:11030: checking whether -lc should be explicitly linked in
configure:11038: gcc -c -g -O2  conftest.c >&5
configure:11041: $? = 0
configure:11056: gcc -shared  -fPIC -DPIC conftest.o  -v -Wl,-soname -Wl,conftest -o conftest 2\>\&1 \| /usr/bin/grep  -lc  \>/dev/null 2\>\&1
configure:11059: $? = 0
configure:11073: result: no
configure:11233: checking dynamic linker characteristics
configure:11814: gcc -o conftest -g -O2   -Wl,-rpath -Wl,/foo conftest.c  >&5
configure:11814: $? = 0
configure:12063: result: GNU/Linux ld.so
configure:12185: checking how to hardcode library paths into programs
configure:12210: result: immediate
configure:12758: checking whether stripping libraries is possible
configure:12763: result: yes
configure:12798: checking if libtool supports shared libraries
configure:12800: result: yes
configure:12803: checking whether to build shared libraries
configure:12828: result: yes
configure:12831: checking whether to build static libraries
configure:12835: result: yes
configure:9634: checking how to run the C++ preprocessor
configure:9661: g++ -E  conftest.cpp
configure:9661: $? = 0
configure:9675: g++ -E  conftest.cpp
conftest.cpp:23:10: fatal error: ac_nonexistent.h: No such file or directory
   23 | #include <ac_nonexistent.h>
      |          ^~~~~~~~~~~~~~~~~~
compilation terminated.
configure:9675: $? = 1
configure: failed program was:
| /* confdefs.h */
| #define PACKAGE_NAME "ukui-settings-daemon"
| #define PACKAGE_TARNAME "ukui-settings-daemon"
| #define PACKAGE_VERSION "1.1.1"
| #define PACKAGE_STRING "ukui-settings-daemon 1.1.1"
| #define PACKAGE_BUGREPORT "http://www.ukui.org/"
| #define PACKAGE_URL ""
| #define PACKAGE "ukui-settings-daemon"
| #define VERSION "1.1.1"
| #define STDC_HEADERS 1
| #define HAVE_SYS_TYPES_H 1
| #define HAVE_SYS_STAT_H 1
| #define HAVE_STDLIB_H 1
| #define HAVE_STRING_H 1
| #define HAVE_MEMORY_H 1
| #define HAVE_STRINGS_H 1
| #define HAVE_INTTYPES_H 1
| #define HAVE_STDINT_H 1
| #define HAVE_UNISTD_H 1
| #define HAVE_DLFCN_H 1
| #define LT_OBJDIR ".libs/"
| /* end confdefs.h.  */
| #include <ac_nonexistent.h>
configure:9700: result: g++ -E
configure:9720: g++ -E  conftest.cpp
configure:9720: $? = 0
configure:9734: g++ -E  conftest.cpp
conftest.cpp:23:10: fatal error: ac_nonexistent.h: No such file or directory
   23 | #include <ac_nonexistent.h>
      |          ^~~~~~~~~~~~~~~~~~
compilation terminated.
configure:9734: $? = 1
configure: failed program was:
| /* confdefs.h */
| #define PACKAGE_NAME "ukui-settings-daemon"
| #define PACKAGE_TARNAME "ukui-settings-daemon"
| #define PACKAGE_VERSION "1.1.1"
| #define PACKAGE_STRING "ukui-settings-daemon 1.1.1"
| #define PACKAGE_BUGREPORT "http://www.ukui.org/"
| #define PACKAGE_URL ""
| #define PACKAGE "ukui-settings-daemon"
| #define VERSION "1.1.1"
| #define STDC_HEADERS 1
| #define HAVE_SYS_TYPES_H 1
| #define HAVE_SYS_STAT_H 1
| #define HAVE_STDLIB_H 1
| #define HAVE_STRING_H 1
| #define HAVE_MEMORY_H 1
| #define HAVE_STRINGS_H 1
| #define HAVE_INTTYPES_H 1
| #define HAVE_STDINT_H 1
| #define HAVE_UNISTD_H 1
| #define HAVE_DLFCN_H 1
| #define LT_OBJDIR ".libs/"
| /* end confdefs.h.  */
| #include <ac_nonexistent.h>
configure:9896: checking for ld used by g++
configure:9963: result: /usr/bin/ld -m elf_x86_64
configure:9970: checking if the linker (/usr/bin/ld -m elf_x86_64) is GNU ld
configure:9985: result: yes
configure:10040: checking whether the g++ linker (/usr/bin/ld -m elf_x86_64) supports shared libraries
configure:11113: result: yes
configure:11149: g++ -c -g -O2  conftest.cpp >&5
configure:11152: $? = 0
configure:11633: checking for g++ option to produce PIC
configure:11640: result: -fPIC -DPIC
configure:11648: checking if g++ PIC flag -fPIC -DPIC works
configure:11666: g++ -c -g -O2  -fPIC -DPIC -DPIC conftest.cpp >&5
configure:11670: $? = 0
configure:11683: result: yes
configure:11706: checking if g++ static flag -static works
configure:11734: result: yes
configure:11746: checking if g++ supports -c -o file.o
configure:11767: g++ -c -g -O2  -o out/conftest2.o conftest.cpp >&5
configure:11771: $? = 0
configure:11793: result: yes
configure:11798: checking if g++ supports -c -o file.o
configure:11845: result: yes
configure:11875: checking whether the g++ linker (/usr/bin/ld -m elf_x86_64) supports shared libraries
configure:11918: result: yes
configure:12059: checking dynamic linker characteristics
configure:12816: result: GNU/Linux ld.so
configure:12881: checking how to hardcode library paths into programs
configure:12906: result: immediate
configure:11799: checking for ANSI C header files
configure:11903: result: yes
configure:11918: checking whether NLS is requested
configure:11927: result: yes
configure:11945: checking for intltool >= 0.50.1
configure:11947: result: 0.51.0 found
configure:11955: checking for intltool-update
configure:11973: found /usr/bin/intltool-update
configure:11985: result: /usr/bin/intltool-update
configure:11995: checking for intltool-merge
configure:12013: found /usr/bin/intltool-merge
configure:12025: result: /usr/bin/intltool-merge
configure:12035: checking for intltool-extract
configure:12053: found /usr/bin/intltool-extract
configure:12065: result: /usr/bin/intltool-extract
configure:12219: checking for xgettext
configure:12237: found /usr/bin/xgettext
configure:12249: result: /usr/bin/xgettext
configure:12259: checking for msgmerge
configure:12277: found /usr/bin/msgmerge
configure:12289: result: /usr/bin/msgmerge
configure:12299: checking for msgfmt
configure:12317: found /usr/bin/msgfmt
configure:12329: result: /usr/bin/msgfmt
configure:12339: checking for gmsgfmt
configure:12370: result: /usr/bin/msgfmt
configure:12390: checking for perl
configure:12408: found /usr/bin/perl
configure:12420: result: /usr/bin/perl
configure:12431: checking for perl >= 5.8.1
configure:12438: result: 5.28.1
configure:12442: checking for XML::Parser
configure:12445: result: ok
configure:12478: checking locale.h usability
configure:12478: gcc -c -g -O2  conftest.c >&5
configure:12478: $? = 0
configure:12478: result: yes
configure:12478: checking locale.h presence
configure:12478: gcc -E  conftest.c
configure:12478: $? = 0
configure:12478: result: yes
configure:12478: checking for locale.h
configure:12478: result: yes
configure:12489: checking for LC_MESSAGES
configure:12505: gcc -o conftest -g -O2   conftest.c  >&5
configure:12505: $? = 0
configure:12513: result: yes
configure:12531: checking for CFPreferencesCopyAppValue
configure:12549: gcc -o conftest -g -O2   conftest.c  -Wl,-framework -Wl,CoreFoundation >&5
conftest.c:29:10: fatal error: CoreFoundation/CFPreferences.h: No such file or directory
   29 | #include <CoreFoundation/CFPreferences.h>
      |          ^~~~~~~~~~~~~~~~~~~~~~~~~~~~~~~~
compilation terminated.
configure:12549: $? = 1
configure: failed program was:
| /* confdefs.h */
| #define PACKAGE_NAME "ukui-settings-daemon"
| #define PACKAGE_TARNAME "ukui-settings-daemon"
| #define PACKAGE_VERSION "1.1.1"
| #define PACKAGE_STRING "ukui-settings-daemon 1.1.1"
| #define PACKAGE_BUGREPORT "http://www.ukui.org/"
| #define PACKAGE_URL ""
| #define PACKAGE "ukui-settings-daemon"
| #define VERSION "1.1.1"
| #define STDC_HEADERS 1
| #define HAVE_SYS_TYPES_H 1
| #define HAVE_SYS_STAT_H 1
| #define HAVE_STDLIB_H 1
| #define HAVE_STRING_H 1
| #define HAVE_MEMORY_H 1
| #define HAVE_STRINGS_H 1
| #define HAVE_INTTYPES_H 1
| #define HAVE_STDINT_H 1
| #define HAVE_UNISTD_H 1
| #define HAVE_DLFCN_H 1
| #define LT_OBJDIR ".libs/"
| #define STDC_HEADERS 1
| #define GETTEXT_PACKAGE "ukui-settings-daemon"
| #define GLIB_VERSION_MAX_ALLOWED GLIB_VERSION_2_36
| #define GLIB_VERSION_MIN_REQUIRED GLIB_VERSION_2_36
| #define HAVE_LOCALE_H 1
| #define HAVE_LC_MESSAGES 1
| /* end confdefs.h.  */
| #include <CoreFoundation/CFPreferences.h>
| int
| main ()
| {
| CFPreferencesCopyAppValue(NULL, NULL)
|   ;
|   return 0;
| }
configure:12558: result: no
configure:12565: checking for CFLocaleCopyCurrent
configure:12583: gcc -o conftest -g -O2   conftest.c  -Wl,-framework -Wl,CoreFoundation >&5
conftest.c:29:10: fatal error: CoreFoundation/CFLocale.h: No such file or directory
   29 | #include <CoreFoundation/CFLocale.h>
      |          ^~~~~~~~~~~~~~~~~~~~~~~~~~~
compilation terminated.
configure:12583: $? = 1
configure: failed program was:
| /* confdefs.h */
| #define PACKAGE_NAME "ukui-settings-daemon"
| #define PACKAGE_TARNAME "ukui-settings-daemon"
| #define PACKAGE_VERSION "1.1.1"
| #define PACKAGE_STRING "ukui-settings-daemon 1.1.1"
| #define PACKAGE_BUGREPORT "http://www.ukui.org/"
| #define PACKAGE_URL ""
| #define PACKAGE "ukui-settings-daemon"
| #define VERSION "1.1.1"
| #define STDC_HEADERS 1
| #define HAVE_SYS_TYPES_H 1
| #define HAVE_SYS_STAT_H 1
| #define HAVE_STDLIB_H 1
| #define HAVE_STRING_H 1
| #define HAVE_MEMORY_H 1
| #define HAVE_STRINGS_H 1
| #define HAVE_INTTYPES_H 1
| #define HAVE_STDINT_H 1
| #define HAVE_UNISTD_H 1
| #define HAVE_DLFCN_H 1
| #define LT_OBJDIR ".libs/"
| #define STDC_HEADERS 1
| #define GETTEXT_PACKAGE "ukui-settings-daemon"
| #define GLIB_VERSION_MAX_ALLOWED GLIB_VERSION_2_36
| #define GLIB_VERSION_MIN_REQUIRED GLIB_VERSION_2_36
| #define HAVE_LOCALE_H 1
| #define HAVE_LC_MESSAGES 1
| /* end confdefs.h.  */
| #include <CoreFoundation/CFLocale.h>
| int
| main ()
| {
| CFLocaleCopyCurrent();
|   ;
|   return 0;
| }
configure:12592: result: no
configure:12606: checking libintl.h usability
configure:12606: gcc -c -g -O2  conftest.c >&5
configure:12606: $? = 0
configure:12606: result: yes
configure:12606: checking libintl.h presence
configure:12606: gcc -E  conftest.c
configure:12606: $? = 0
configure:12606: result: yes
configure:12606: checking for libintl.h
configure:12606: result: yes
configure:12614: checking for ngettext in libc
configure:12632: gcc -o conftest -g -O2   conftest.c  >&5
configure:12632: $? = 0
configure:12641: result: yes
configure:12645: checking for dgettext in libc
configure:12663: gcc -o conftest -g -O2   conftest.c  >&5
configure:12663: $? = 0
configure:12672: result: yes
configure:12679: checking for bind_textdomain_codeset
configure:12679: gcc -o conftest -g -O2   conftest.c  >&5
configure:12679: $? = 0
configure:12679: result: yes
configure:12955: checking for msgfmt
configure:12982: result: /usr/bin/msgfmt
configure:12993: checking for dcgettext
configure:12993: gcc -o conftest -g -O2   conftest.c   >&5
conftest.c:54:6: warning: conflicting types for built-in function 'dcgettext'; expected 'char *(const char *, const char *, int)' [-Wbuiltin-declaration-mismatch]
   54 | char dcgettext ();
      |      ^~~~~~~~~
configure:12993: $? = 0
configure:12993: result: yes
configure:13003: checking if msgfmt accepts -c
configure:13018: $MSGFMT -c -o /dev/null conftest.foo
conftest.foo:3: warning: header field 'Language' missing in header
configure:13021: $? = 0
configure:13023: result: yes
configure:13033: checking for gmsgfmt
configure:13064: result: /usr/bin/msgfmt
configure:13074: checking for xgettext
configure:13101: result: /usr/bin/xgettext
configure:13120: gcc -o conftest -g -O2   conftest.c   >&5
configure:13120: $? = 0
configure:13377: checking what warning flags to pass to the C compiler
configure:13379: result: -Wall -Wmissing-prototypes
configure:13390: checking what language compliance flags to pass to the C compiler
configure:13405: result: 
configure:13466: checking for pkg-config
configure:13484: found /usr/bin/pkg-config
configure:13496: result: /usr/bin/pkg-config
configure:13521: checking pkg-config is at least version 0.9.0
configure:13524: result: yes
configure:13534: checking for SETTINGS_DAEMON
configure:13547: $PKG_CONFIG --exists --print-errors "glib-2.0 >= $GLIB_REQUIRED_VERSION
	gtk+-3.0 >= $GTK_REQUIRED_VERSION
	gio-2.0 >= $GIO_REQUIRED_VERSION
	gmodule-2.0
	gthread-2.0
	dbus-glib-1 >= $DBUS_GLIB_REQUIRED_VERSION
"
configure:13556: $? = 0
configure:13582: $PKG_CONFIG --exists --print-errors "glib-2.0 >= $GLIB_REQUIRED_VERSION
	gtk+-3.0 >= $GTK_REQUIRED_VERSION
	gio-2.0 >= $GIO_REQUIRED_VERSION
	gmodule-2.0
	gthread-2.0
	dbus-glib-1 >= $DBUS_GLIB_REQUIRED_VERSION
"
configure:13591: $? = 0
configure:13673: result: yes
configure:13680: checking for SETTINGS_PLUGIN
configure:13690: $PKG_CONFIG --exists --print-errors "gtk+-3.0 >= $GTK_REQUIRED_VERSION
	gio-2.0 >= $GIO_REQUIRED_VERSION
	dbus-glib-1 >= $DBUS_GLIB_REQUIRED_VERSION
"
configure:13696: $? = 0
configure:13716: $PKG_CONFIG --exists --print-errors "gtk+-3.0 >= $GTK_REQUIRED_VERSION
	gio-2.0 >= $GIO_REQUIRED_VERSION
	dbus-glib-1 >= $DBUS_GLIB_REQUIRED_VERSION
"
configure:13722: $? = 0
configure:13792: result: yes
configure:13807: checking for DCONF
configure:13814: $PKG_CONFIG --exists --print-errors "dconf >= 0.13.4"
configure:13817: $? = 0
configure:13831: $PKG_CONFIG --exists --print-errors "dconf >= 0.13.4"
configure:13834: $? = 0
configure:13892: result: yes
configure:13899: checking for glib-genmarshal
configure:13917: found /usr/bin/glib-genmarshal
configure:13929: result: /usr/bin/glib-genmarshal
configure:14006: checking for pkg-config
configure:14036: result: /usr/bin/pkg-config
configure:14061: checking pkg-config is at least version 0.16
configure:14064: result: yes
configure:14080: $PKG_CONFIG --exists --print-errors "gio-2.0"
configure:14083: $? = 0
configure:14197: checking for MATE_DESKTOP
configure:14204: $PKG_CONFIG --exists --print-errors "mate-desktop-2.0 >= $MATE_DESKTOP_REQUIRED_VERSION"
configure:14207: $? = 0
configure:14221: $PKG_CONFIG --exists --print-errors "mate-desktop-2.0 >= $MATE_DESKTOP_REQUIRED_VERSION"
configure:14224: $? = 0
configure:14282: result: yes
configure:14301: checking for LIBNOTIFY
configure:14308: $PKG_CONFIG --exists --print-errors "libnotify >= $LIBNOTIFY_REQUIRED_VERSION"
configure:14311: $? = 0
configure:14325: $PKG_CONFIG --exists --print-errors "libnotify >= $LIBNOTIFY_REQUIRED_VERSION"
configure:14328: $? = 0
configure:14366: result: yes
configure:14410: checking for X
configure:14518: gcc -E  conftest.c
configure:14518: $? = 0
configure:14549: gcc -o conftest -g -O2   conftest.c -lX11  >&5
configure:14549: $? = 0
configure:14599: result: libraries , headers 
configure:14698: gcc -o conftest -g -O2   conftest.c   -lX11 >&5
configure:14698: $? = 0
configure:14796: checking for gethostbyname
configure:14796: gcc -o conftest -g -O2   conftest.c  >&5
configure:14796: $? = 0
configure:14796: result: yes
configure:14893: checking for connect
configure:14893: gcc -o conftest -g -O2   conftest.c  >&5
configure:14893: $? = 0
configure:14893: result: yes
configure:14942: checking for remove
configure:14942: gcc -o conftest -g -O2   conftest.c  >&5
configure:14942: $? = 0
configure:14942: result: yes
configure:14991: checking for shmat
configure:14991: gcc -o conftest -g -O2   conftest.c  >&5
configure:14991: $? = 0
configure:14991: result: yes
configure:15049: checking for IceConnectionNumber in -lICE
configure:15074: gcc -o conftest -g -O2   conftest.c -lICE   >&5
configure:15074: $? = 0
configure:15083: result: yes
configure:15102: checking for XINPUT
configure:15109: $PKG_CONFIG --exists --print-errors "xi"
configure:15112: $? = 0
configure:15126: $PKG_CONFIG --exists --print-errors "xi"
configure:15129: $? = 0
configure:15187: result: yes
configure:15195: checking for FONTCONFIG
configure:15202: $PKG_CONFIG --exists --print-errors "fontconfig"
configure:15205: $? = 0
configure:15219: $PKG_CONFIG --exists --print-errors "fontconfig"
configure:15222: $? = 0
configure:15280: result: yes
configure:15303: checking for XF86MiscQueryExtension in -lXxf86misc
configure:15328: gcc -o conftest -g -O2  -I${prefix}/include   -L${exec_prefix}/lib   -lSM -lICE -lXext -lX11  conftest.c -lXxf86misc -lXxf86misc   >&5
/usr/bin/ld: cannot find -lXxf86misc
/usr/bin/ld: cannot find -lXxf86misc
collect2: error: ld returned 1 exit status
configure:15328: $? = 1
configure: failed program was:
| /* confdefs.h */
| #define PACKAGE_NAME "ukui-settings-daemon"
| #define PACKAGE_TARNAME "ukui-settings-daemon"
| #define PACKAGE_VERSION "1.1.1"
| #define PACKAGE_STRING "ukui-settings-daemon 1.1.1"
| #define PACKAGE_BUGREPORT "http://www.ukui.org/"
| #define PACKAGE_URL ""
| #define PACKAGE "ukui-settings-daemon"
| #define VERSION "1.1.1"
| #define STDC_HEADERS 1
| #define HAVE_SYS_TYPES_H 1
| #define HAVE_SYS_STAT_H 1
| #define HAVE_STDLIB_H 1
| #define HAVE_STRING_H 1
| #define HAVE_MEMORY_H 1
| #define HAVE_STRINGS_H 1
| #define HAVE_INTTYPES_H 1
| #define HAVE_STDINT_H 1
| #define HAVE_UNISTD_H 1
| #define HAVE_DLFCN_H 1
| #define LT_OBJDIR ".libs/"
| #define STDC_HEADERS 1
| #define GETTEXT_PACKAGE "ukui-settings-daemon"
| #define GLIB_VERSION_MAX_ALLOWED GLIB_VERSION_2_36
| #define GLIB_VERSION_MIN_REQUIRED GLIB_VERSION_2_36
| #define HAVE_LOCALE_H 1
| #define HAVE_LC_MESSAGES 1
| #define HAVE_BIND_TEXTDOMAIN_CODESET 1
| #define HAVE_GETTEXT 1
| #define HAVE_DCGETTEXT 1
| #define ENABLE_NLS 1
| #define HAVE_LIBNOTIFY 1
| /* end confdefs.h.  */
| 
| /* Override any GCC internal prototype to avoid an error.
|    Use char because int might match the return type of a GCC
|    builtin and then its argument prototype would still apply.  */
| #ifdef __cplusplus
| extern "C"
| #endif
| char XF86MiscQueryExtension ();
| int
| main ()
| {
| return XF86MiscQueryExtension ();
|   ;
|   return 0;
| }
configure:15337: result: no
configure:15380: checking X11/extensions/XKB.h usability
configure:15380: gcc -c -g -O2  -I${prefix}/include  conftest.c >&5
configure:15380: $? = 0
configure:15380: result: yes
configure:15380: checking X11/extensions/XKB.h presence
configure:15380: gcc -E  -I${prefix}/include  conftest.c
configure:15380: $? = 0
configure:15380: result: yes
configure:15380: checking for X11/extensions/XKB.h
configure:15380: result: yes
configure:15394: checking for LIBMATEKBDUI
configure:15401: $PKG_CONFIG --exists --print-errors "libmatekbdui >= $LIBMATEKBD_REQUIRED_VERSION libmatekbd >= $LIBMATEKBD_REQUIRED_VERSION libxklavier >= 5.2"
configure:15404: $? = 0
configure:15418: $PKG_CONFIG --exists --print-errors "libmatekbdui >= $LIBMATEKBD_REQUIRED_VERSION libmatekbd >= $LIBMATEKBD_REQUIRED_VERSION libxklavier >= 5.2"
configure:15421: $? = 0
configure:15479: result: yes
configure:15601: checking for LIBCANBERRA
configure:15608: $PKG_CONFIG --exists --print-errors "libcanberra-gtk3"
configure:15611: $? = 0
configure:15625: $PKG_CONFIG --exists --print-errors "libcanberra-gtk3"
configure:15628: $? = 0
configure:15666: result: yes
configure:15693: checking for LIBMATEMIXER
configure:15700: $PKG_CONFIG --exists --print-errors "libmatemixer >= $LIBMATEMIXER_REQUIRED_VERSION"
configure:15703: $? = 0
configure:15717: $PKG_CONFIG --exists --print-errors "libmatemixer >= $LIBMATEMIXER_REQUIRED_VERSION"
configure:15720: $? = 0
configure:15758: result: yes
configure:15775: checking for GIOUNIX
configure:15782: $PKG_CONFIG --exists --print-errors "gio-unix-2.0"
configure:15785: $? = 0
configure:15799: $PKG_CONFIG --exists --print-errors "gio-unix-2.0"
configure:15802: $? = 0
configure:15860: result: yes
configure:15884: checking for NSS
configure:15891: $PKG_CONFIG --exists --print-errors "nss >= $NSS_REQUIRED_VERSION"
configure:15894: $? = 0
configure:15908: $PKG_CONFIG --exists --print-errors "nss >= $NSS_REQUIRED_VERSION"
configure:15911: $? = 0
configure:15949: result: yes
configure:16017: checking for POLKIT
configure:16024: $PKG_CONFIG --exists --print-errors "polkit-gobject-1 >= $POLKIT_REQUIRED dbus-1 >= $DBUS_REQUIRED"
configure:16027: $? = 0
configure:16041: $PKG_CONFIG --exists --print-errors "polkit-gobject-1 >= $POLKIT_REQUIRED dbus-1 >= $DBUS_REQUIRED"
configure:16044: $? = 0
configure:16082: result: yes
configure:16148: checking for more warnings
configure:16151: result: yes
configure:16163: checking whether gcc understands -Wno-strict-aliasing
configure:16176: gcc -c         -Wall         -Wchar-subscripts -Wmissing-declarations -Wmissing-prototypes         -Wnested-externs -Wpointer-arith         -Wcast-align -Wsign-compare         -g -O2 -Wno-strict-aliasing  conftest.c >&5
configure:16176: $? = 0
configure:16185: result: yes
configure:16163: checking whether gcc understands -Wno-sign-compare
configure:16176: gcc -c         -Wall         -Wchar-subscripts -Wmissing-declarations -Wmissing-prototypes         -Wnested-externs -Wpointer-arith         -Wcast-align -Wsign-compare         -g -O2 -Wno-strict-aliasing -Wno-sign-compare  conftest.c >&5
configure:16176: $? = 0
configure:16185: result: yes
configure:16320: checking that generated files are newer than configure
configure:16326: result: done
configure:16373: creating ./config.status

## ---------------------- ##
## Running config.status. ##
## ---------------------- ##

This file was extended by ukui-settings-daemon config.status 1.1.1, which was
generated by GNU Autoconf 2.69.  Invocation command line was

  CONFIG_FILES    = 
  CONFIG_HEADERS  = 
  CONFIG_LINKS    = 
  CONFIG_COMMANDS = 
  $ ./config.status 

on dingjing-pc

config.status:1408: creating Makefile
config.status:1408: creating ukui-settings-daemon/Makefile
config.status:1408: creating plugins/Makefile
config.status:1408: creating plugins/a11y-keyboard/Makefile
config.status:1408: creating plugins/a11y-settings/Makefile
config.status:1408: creating plugins/background/Makefile
config.status:1408: creating plugins/clipboard/Makefile
config.status:1408: creating plugins/common/Makefile
config.status:1408: creating plugins/datetime/Makefile
config.status:1408: creating plugins/dummy/Makefile
config.status:1408: creating plugins/housekeeping/Makefile
config.status:1408: creating plugins/keybindings/Makefile
config.status:1408: creating plugins/keyboard/Makefile
config.status:1408: creating plugins/media-keys/Makefile
config.status:1408: creating plugins/mpris/Makefile
config.status:1408: creating plugins/mouse/Makefile
config.status:1408: creating plugins/smartcard/Makefile
config.status:1408: creating plugins/sound/Makefile
config.status:1408: creating plugins/typing-break/Makefile
config.status:1408: creating plugins/xrandr/Makefile
config.status:1408: creating plugins/xrdb/Makefile
config.status:1408: creating plugins/xrdb/data/Makefile
config.status:1408: creating plugins/xsettings/Makefile
config.status:1408: creating data/Makefile
config.status:1408: creating data/ukui-settings-daemon.desktop.in
config.status:1408: creating data/ukui-settings-daemon.pc
config.status:1408: creating data/ukui-settings-daemon-uninstalled.pc
config.status:1408: creating data/org.ukui.applications-at.gschema.xml
config.status:1408: creating data/org.ukui.font-rendering.gschema.xml
config.status:1408: creating data/org.ukui.SettingsDaemon.plugins.a11y-keyboard.gschema.xml
config.status:1408: creating data/org.ukui.SettingsDaemon.plugins.a11y-settings.gschema.xml
config.status:1408: creating data/org.ukui.SettingsDaemon.plugins.background.gschema.xml
config.status:1408: creating data/org.ukui.SettingsDaemon.plugins.clipboard.gschema.xml
config.status:1408: creating data/org.ukui.SettingsDaemon.plugins.datetime.gschema.xml
config.status:1408: creating data/org.ukui.SettingsDaemon.plugins.housekeeping.gschema.xml
config.status:1408: creating data/org.ukui.SettingsDaemon.plugins.keybindings.gschema.xml
config.status:1408: creating data/org.ukui.SettingsDaemon.plugins.keyboard.gschema.xml
config.status:1408: creating data/org.ukui.SettingsDaemon.plugins.media-keys.gschema.xml
config.status:1408: creating data/org.ukui.SettingsDaemon.plugins.mpris.gschema.xml
config.status:1408: creating data/org.ukui.SettingsDaemon.plugins.mouse.gschema.xml
config.status:1408: creating data/org.ukui.SettingsDaemon.plugins.smartcard.gschema.xml
config.status:1408: creating data/org.ukui.SettingsDaemon.plugins.sound.gschema.xml
config.status:1408: creating data/org.ukui.SettingsDaemon.plugins.typing-break.gschema.xml
config.status:1408: creating data/org.ukui.SettingsDaemon.plugins.xrandr.gschema.xml
config.status:1408: creating data/org.ukui.SettingsDaemon.plugins.xrdb.gschema.xml
config.status:1408: creating data/org.ukui.SettingsDaemon.plugins.xsettings.gschema.xml
config.status:1408: creating po/Makefile.in
config.status:1408: creating config.h
config.status:1589: config.h is unchanged
config.status:1637: executing depfiles commands
config.status:1714: cd ukui-settings-daemon       && sed -e '/# am--include-marker/d' Makefile         | make -f - am--depfiles
make: Nothing to be done for 'am--depfiles'.
config.status:1719: $? = 0
config.status:1714: cd plugins/a11y-keyboard       && sed -e '/# am--include-marker/d' Makefile         | make -f - am--depfiles
make: Nothing to be done for 'am--depfiles'.
config.status:1719: $? = 0
config.status:1714: cd plugins/a11y-settings       && sed -e '/# am--include-marker/d' Makefile         | make -f - am--depfiles
make: Nothing to be done for 'am--depfiles'.
config.status:1719: $? = 0
config.status:1714: cd plugins/background       && sed -e '/# am--include-marker/d' Makefile         | make -f - am--depfiles
make: Nothing to be done for 'am--depfiles'.
config.status:1719: $? = 0
config.status:1714: cd plugins/clipboard       && sed -e '/# am--include-marker/d' Makefile         | make -f - am--depfiles
make: Nothing to be done for 'am--depfiles'.
config.status:1719: $? = 0
config.status:1714: cd plugins/common       && sed -e '/# am--include-marker/d' Makefile         | make -f - am--depfiles
make: Nothing to be done for 'am--depfiles'.
config.status:1719: $? = 0
config.status:1714: cd plugins/datetime       && sed -e '/# am--include-marker/d' Makefile         | make -f - am--depfiles
make: Nothing to be done for 'am--depfiles'.
config.status:1719: $? = 0
config.status:1714: cd plugins/dummy       && sed -e '/# am--include-marker/d' Makefile         | make -f - am--depfiles
make: Nothing to be done for 'am--depfiles'.
config.status:1719: $? = 0
config.status:1714: cd plugins/housekeeping       && sed -e '/# am--include-marker/d' Makefile         | make -f - am--depfiles
make: Nothing to be done for 'am--depfiles'.
config.status:1719: $? = 0
config.status:1714: cd plugins/keybindings       && sed -e '/# am--include-marker/d' Makefile         | make -f - am--depfiles
make: Nothing to be done for 'am--depfiles'.
config.status:1719: $? = 0
config.status:1714: cd plugins/keyboard       && sed -e '/# am--include-marker/d' Makefile         | make -f - am--depfiles
make: Nothing to be done for 'am--depfiles'.
config.status:1719: $? = 0
config.status:1714: cd plugins/media-keys       && sed -e '/# am--include-marker/d' Makefile         | make -f - am--depfiles
make: Nothing to be done for 'am--depfiles'.
config.status:1719: $? = 0
config.status:1714: cd plugins/mpris       && sed -e '/# am--include-marker/d' Makefile         | make -f - am--depfiles
make: Nothing to be done for 'am--depfiles'.
config.status:1719: $? = 0
config.status:1714: cd plugins/mouse       && sed -e '/# am--include-marker/d' Makefile         | make -f - am--depfiles
make: Nothing to be done for 'am--depfiles'.
config.status:1719: $? = 0
config.status:1714: cd plugins/smartcard       && sed -e '/# am--include-marker/d' Makefile         | make -f - am--depfiles
make: Nothing to be done for 'am--depfiles'.
config.status:1719: $? = 0
config.status:1714: cd plugins/sound       && sed -e '/# am--include-marker/d' Makefile         | make -f - am--depfiles
make: Nothing to be done for 'am--depfiles'.
config.status:1719: $? = 0
config.status:1714: cd plugins/typing-break       && sed -e '/# am--include-marker/d' Makefile         | make -f - am--depfiles
make: Nothing to be done for 'am--depfiles'.
config.status:1719: $? = 0
config.status:1714: cd plugins/xrandr       && sed -e '/# am--include-marker/d' Makefile         | make -f - am--depfiles
make: Nothing to be done for 'am--depfiles'.
config.status:1719: $? = 0
config.status:1714: cd plugins/xrdb       && sed -e '/# am--include-marker/d' Makefile         | make -f - am--depfiles
make: Nothing to be done for 'am--depfiles'.
config.status:1719: $? = 0
config.status:1714: cd plugins/xsettings       && sed -e '/# am--include-marker/d' Makefile         | make -f - am--depfiles
make: Nothing to be done for 'am--depfiles'.
config.status:1719: $? = 0
config.status:1637: executing libtool commands
config.status:1637: executing default-1 commands
config.status:1637: executing po/stamp-it commands

## ---------------- ##
## Cache variables. ##
## ---------------- ##

ac_cv_build=x86_64-pc-linux-gnu
ac_cv_c_compiler_gnu=yes
ac_cv_cxx_compiler_gnu=yes
ac_cv_env_CCC_set=
ac_cv_env_CCC_value=
ac_cv_env_CC_set=
ac_cv_env_CC_value=
ac_cv_env_CFLAGS_set=
ac_cv_env_CFLAGS_value=
ac_cv_env_CPPFLAGS_set=
ac_cv_env_CPPFLAGS_value=
ac_cv_env_CPP_set=
ac_cv_env_CPP_value=
ac_cv_env_CXXCPP_set=
ac_cv_env_CXXCPP_value=
ac_cv_env_CXXFLAGS_set=
ac_cv_env_CXXFLAGS_value=
ac_cv_env_CXX_set=
ac_cv_env_CXX_value=
ac_cv_env_DCONF_CFLAGS_set=
ac_cv_env_DCONF_CFLAGS_value=
ac_cv_env_DCONF_LIBS_set=
ac_cv_env_DCONF_LIBS_value=
ac_cv_env_FONTCONFIG_CFLAGS_set=
ac_cv_env_FONTCONFIG_CFLAGS_value=
ac_cv_env_FONTCONFIG_LIBS_set=
ac_cv_env_FONTCONFIG_LIBS_value=
ac_cv_env_GIOUNIX_CFLAGS_set=
ac_cv_env_GIOUNIX_CFLAGS_value=
ac_cv_env_GIOUNIX_LIBS_set=
ac_cv_env_GIOUNIX_LIBS_value=
ac_cv_env_GLIB_COMPILE_SCHEMAS_set=
ac_cv_env_GLIB_COMPILE_SCHEMAS_value=
ac_cv_env_LDFLAGS_set=
ac_cv_env_LDFLAGS_value=
ac_cv_env_LIBCANBERRA_CFLAGS_set=
ac_cv_env_LIBCANBERRA_CFLAGS_value=
ac_cv_env_LIBCANBERRA_LIBS_set=
ac_cv_env_LIBCANBERRA_LIBS_value=
ac_cv_env_LIBMATEKBDUI_CFLAGS_set=
ac_cv_env_LIBMATEKBDUI_CFLAGS_value=
ac_cv_env_LIBMATEKBDUI_LIBS_set=
ac_cv_env_LIBMATEKBDUI_LIBS_value=
ac_cv_env_LIBMATEMIXER_CFLAGS_set=
ac_cv_env_LIBMATEMIXER_CFLAGS_value=
ac_cv_env_LIBMATEMIXER_LIBS_set=
ac_cv_env_LIBMATEMIXER_LIBS_value=
ac_cv_env_LIBNOTIFY_CFLAGS_set=
ac_cv_env_LIBNOTIFY_CFLAGS_value=
ac_cv_env_LIBNOTIFY_LIBS_set=
ac_cv_env_LIBNOTIFY_LIBS_value=
ac_cv_env_LIBS_set=
ac_cv_env_LIBS_value=
ac_cv_env_LT_SYS_LIBRARY_PATH_set=
ac_cv_env_LT_SYS_LIBRARY_PATH_value=
ac_cv_env_MATE_DESKTOP_CFLAGS_set=
ac_cv_env_MATE_DESKTOP_CFLAGS_value=
ac_cv_env_MATE_DESKTOP_LIBS_set=
ac_cv_env_MATE_DESKTOP_LIBS_value=
ac_cv_env_NSS_CFLAGS_set=
ac_cv_env_NSS_CFLAGS_value=
ac_cv_env_NSS_LIBS_set=
ac_cv_env_NSS_LIBS_value=
ac_cv_env_PKG_CONFIG_LIBDIR_set=
ac_cv_env_PKG_CONFIG_LIBDIR_value=
ac_cv_env_PKG_CONFIG_PATH_set=
ac_cv_env_PKG_CONFIG_PATH_value=
ac_cv_env_PKG_CONFIG_set=
ac_cv_env_PKG_CONFIG_value=
ac_cv_env_POLKIT_CFLAGS_set=
ac_cv_env_POLKIT_CFLAGS_value=
ac_cv_env_POLKIT_LIBS_set=
ac_cv_env_POLKIT_LIBS_value=
ac_cv_env_PULSE_CFLAGS_set=
ac_cv_env_PULSE_CFLAGS_value=
ac_cv_env_PULSE_LIBS_set=
ac_cv_env_PULSE_LIBS_value=
ac_cv_env_SETTINGS_DAEMON_CFLAGS_set=
ac_cv_env_SETTINGS_DAEMON_CFLAGS_value=
ac_cv_env_SETTINGS_DAEMON_LIBS_set=
ac_cv_env_SETTINGS_DAEMON_LIBS_value=
ac_cv_env_SETTINGS_PLUGIN_CFLAGS_set=
ac_cv_env_SETTINGS_PLUGIN_CFLAGS_value=
ac_cv_env_SETTINGS_PLUGIN_LIBS_set=
ac_cv_env_SETTINGS_PLUGIN_LIBS_value=
ac_cv_env_XINPUT_CFLAGS_set=
ac_cv_env_XINPUT_CFLAGS_value=
ac_cv_env_XINPUT_LIBS_set=
ac_cv_env_XINPUT_LIBS_value=
ac_cv_env_XMKMF_set=
ac_cv_env_XMKMF_value=
ac_cv_env_build_alias_set=
ac_cv_env_build_alias_value=
ac_cv_env_host_alias_set=
ac_cv_env_host_alias_value=
ac_cv_env_target_alias_set=
ac_cv_env_target_alias_value=
ac_cv_func_bind_textdomain_codeset=yes
ac_cv_func_connect=yes
ac_cv_func_dcgettext=yes
ac_cv_func_gethostbyname=yes
ac_cv_func_remove=yes
ac_cv_func_shmat=yes
ac_cv_have_x='have_x=yes	ac_x_includes='\'''\''	ac_x_libraries='\'''\'''
ac_cv_header_X11_extensions_XKB_h=yes
ac_cv_header_dlfcn_h=yes
ac_cv_header_inttypes_h=yes
ac_cv_header_libintl_h=yes
ac_cv_header_locale_h=yes
ac_cv_header_memory_h=yes
ac_cv_header_stdc=yes
ac_cv_header_stdint_h=yes
ac_cv_header_stdlib_h=yes
ac_cv_header_string_h=yes
ac_cv_header_strings_h=yes
ac_cv_header_sys_stat_h=yes
ac_cv_header_sys_types_h=yes
ac_cv_header_unistd_h=yes
ac_cv_host=x86_64-pc-linux-gnu
ac_cv_lib_ICE_IceConnectionNumber=yes
ac_cv_lib_Xxf86misc_XF86MiscQueryExtension=no
ac_cv_objext=o
ac_cv_path_EGREP='/usr/bin/grep -E'
ac_cv_path_FGREP='/usr/bin/grep -F'
ac_cv_path_GLIB_GENMARSHAL=/usr/bin/glib-genmarshal
ac_cv_path_GMSGFMT=/usr/bin/msgfmt
ac_cv_path_GREP=/usr/bin/grep
ac_cv_path_INTLTOOL_EXTRACT=/usr/bin/intltool-extract
ac_cv_path_INTLTOOL_MERGE=/usr/bin/intltool-merge
ac_cv_path_INTLTOOL_PERL=/usr/bin/perl
ac_cv_path_INTLTOOL_UPDATE=/usr/bin/intltool-update
ac_cv_path_MSGFMT=/usr/bin/msgfmt
ac_cv_path_MSGMERGE=/usr/bin/msgmerge
ac_cv_path_SED=/usr/bin/sed
ac_cv_path_XGETTEXT=/usr/bin/xgettext
ac_cv_path_ac_pt_PKG_CONFIG=/usr/bin/pkg-config
ac_cv_path_install='/usr/bin/install -c'
ac_cv_path_lt_DD=/usr/bin/dd
ac_cv_path_mkdir=/usr/bin/mkdir
ac_cv_prog_AWK=mawk
ac_cv_prog_CPP='gcc -E'
ac_cv_prog_CXXCPP='g++ -E'
ac_cv_prog_ac_ct_AR=ar
ac_cv_prog_ac_ct_CC=gcc
ac_cv_prog_ac_ct_CXX=g++
ac_cv_prog_ac_ct_MANIFEST_TOOL=mt
ac_cv_prog_ac_ct_OBJDUMP=objdump
ac_cv_prog_ac_ct_RANLIB=ranlib
ac_cv_prog_ac_ct_STRIP=strip
ac_cv_prog_cc_c89=
ac_cv_prog_cc_g=yes
ac_cv_prog_cxx_g=yes
ac_cv_prog_make_make_set=yes
am_cv_CC_dependencies_compiler_type=gcc3
am_cv_CXX_dependencies_compiler_type=gcc3
am_cv_make_support_nested_variables=yes
am_cv_prog_cc_c_o=yes
am_cv_prog_tar_ustar=gnutar
am_cv_val_LC_MESSAGES=yes
gt_cv_func_CFLocaleCopyCurrent=no
gt_cv_func_CFPreferencesCopyAppValue=no
gt_cv_func_dgettext_libc=yes
gt_cv_func_dgettext_libintl=no
gt_cv_func_ngettext_libc=yes
gt_cv_have_gettext=yes
lt_cv_ar_at_file=@
lt_cv_archive_cmds_need_lc=no
lt_cv_deplibs_check_method=pass_all
lt_cv_file_magic_cmd='$MAGIC_CMD'
lt_cv_file_magic_test_file=
lt_cv_ld_reload_flag=-r
lt_cv_nm_interface='BSD nm'
lt_cv_objdir=.libs
lt_cv_path_LD=/usr/bin/ld
lt_cv_path_LDCXX='/usr/bin/ld -m elf_x86_64'
lt_cv_path_NM='/usr/bin/nm -B'
lt_cv_path_mainfest_tool=no
lt_cv_prog_compiler_c_o=yes
lt_cv_prog_compiler_c_o_CXX=yes
lt_cv_prog_compiler_pic='-fPIC -DPIC'
lt_cv_prog_compiler_pic_CXX='-fPIC -DPIC'
lt_cv_prog_compiler_pic_works=yes
lt_cv_prog_compiler_pic_works_CXX=yes
lt_cv_prog_compiler_rtti_exceptions=no
lt_cv_prog_compiler_static_works=yes
lt_cv_prog_compiler_static_works_CXX=yes
lt_cv_prog_gnu_ld=yes
lt_cv_prog_gnu_ldcxx=yes
lt_cv_sharedlib_from_linklib_cmd='printf %s\n'
lt_cv_shlibpath_overrides_runpath=yes
lt_cv_sys_global_symbol_pipe='sed -n -e '\''s/^.*[	 ]\([ABCDGIRSTW][ABCDGIRSTW]*\)[	 ][	 ]*\([_A-Za-z][_A-Za-z0-9]*\)$/\1 \2 \2/p'\'' | sed '\''/ __gnu_lto/d'\'''
lt_cv_sys_global_symbol_to_c_name_address='sed -n -e '\''s/^: \(.*\) .*$/  {"\1", (void *) 0},/p'\'' -e '\''s/^[ABCDGIRSTW][ABCDGIRSTW]* .* \(.*\)$/  {"\1", (void *) \&\1},/p'\'''
lt_cv_sys_global_symbol_to_c_name_address_lib_prefix='sed -n -e '\''s/^: \(.*\) .*$/  {"\1", (void *) 0},/p'\'' -e '\''s/^[ABCDGIRSTW][ABCDGIRSTW]* .* \(lib.*\)$/  {"\1", (void *) \&\1},/p'\'' -e '\''s/^[ABCDGIRSTW][ABCDGIRSTW]* .* \(.*\)$/  {"lib\1", (void *) \&\1},/p'\'''
lt_cv_sys_global_symbol_to_cdecl='sed -n -e '\''s/^T .* \(.*\)$/extern int \1();/p'\'' -e '\''s/^[ABCDGIRSTW][ABCDGIRSTW]* .* \(.*\)$/extern char \1;/p'\'''
lt_cv_sys_global_symbol_to_import=
lt_cv_sys_max_cmd_len=1572864
lt_cv_to_host_file_cmd=func_convert_file_noop
lt_cv_to_tool_file_cmd=func_convert_file_noop
lt_cv_truncate_bin='/usr/bin/dd bs=4096 count=1'
pkg_cv_DCONF_CFLAGS='-pthread -I/usr/include/dconf -I/usr/include/libmount -I/usr/include/blkid -I/usr/include/glib-2.0 -I/usr/lib/x86_64-linux-gnu/glib-2.0/include'
pkg_cv_DCONF_LIBS='-ldconf -lgio-2.0 -lgobject-2.0 -lglib-2.0'
pkg_cv_FONTCONFIG_CFLAGS='-I/usr/include/uuid -I/usr/include/freetype2 -I/usr/include/libpng16'
pkg_cv_FONTCONFIG_LIBS='-lfontconfig -lfreetype'
pkg_cv_GIOUNIX_CFLAGS='-pthread -I/usr/include/gio-unix-2.0 -I/usr/include/libmount -I/usr/include/blkid -I/usr/include/glib-2.0 -I/usr/lib/x86_64-linux-gnu/glib-2.0/include'
pkg_cv_GIOUNIX_LIBS='-lgio-2.0 -lgobject-2.0 -lglib-2.0'
pkg_cv_GLIB_COMPILE_SCHEMAS=/usr/lib/x86_64-linux-gnu/glib-2.0/glib-compile-schemas
pkg_cv_LIBCANBERRA_CFLAGS='-D_REENTRANT -pthread -I/usr/include/gtk-3.0 -I/usr/include/at-spi2-atk/2.0 -I/usr/include/at-spi-2.0 -I/usr/include/dbus-1.0 -I/usr/lib/x86_64-linux-gnu/dbus-1.0/include -I/usr/include/gtk-3.0 -I/usr/include/gio-unix-2.0 -I/usr/include/cairo -I/usr/include/libdrm -I/usr/include/pango-1.0 -I/usr/include/harfbuzz -I/usr/include/pango-1.0 -I/usr/include/fribidi -I/usr/include/atk-1.0 -I/usr/include/cairo -I/usr/include/pixman-1 -I/usr/include/uuid -I/usr/include/freetype2 -I/usr/include/libpng16 -I/usr/include/gdk-pixbuf-2.0 -I/usr/include/libmount -I/usr/include/blkid -I/usr/include/glib-2.0 -I/usr/lib/x86_64-linux-gnu/glib-2.0/include'
pkg_cv_LIBCANBERRA_LIBS='-lcanberra-gtk3 -lX11 -lcanberra -lgtk-3 -lgdk-3 -lpangocairo-1.0 -lpango-1.0 -latk-1.0 -lcairo-gobject -lcairo -lgdk_pixbuf-2.0 -lgio-2.0 -lgobject-2.0 -lglib-2.0'
pkg_cv_LIBMATEKBDUI_CFLAGS='-pthread -I/usr/include/gtk-3.0 -I/usr/include/gio-unix-2.0 -I/usr/include/cairo -I/usr/include/libdrm -I/usr/include/pango-1.0 -I/usr/include/harfbuzz -I/usr/include/pango-1.0 -I/usr/include/fribidi -I/usr/include/gdk-pixbuf-2.0 -I/usr/include/cairo -I/usr/include/pixman-1 -I/usr/include/uuid -I/usr/include/freetype2 -I/usr/include/libpng16 -I/usr/include/libmount -I/usr/include/blkid -I/usr/include/glib-2.0 -I/usr/lib/x86_64-linux-gnu/glib-2.0/include -I/usr/include/libxml2'
pkg_cv_LIBMATEKBDUI_LIBS='-lmatekbdui -lmatekbd -Wl,--export-dynamic -pthread -lgmodule-2.0 -lgdk-3 -lpangocairo-1.0 -lpango-1.0 -lgdk_pixbuf-2.0 -lcairo-gobject -lcairo -lgio-2.0 -lgobject-2.0 -lglib-2.0 -lxklavier'
pkg_cv_LIBMATEMIXER_CFLAGS='-pthread -I/usr/include/mate-mixer -I/usr/include/glib-2.0 -I/usr/lib/x86_64-linux-gnu/glib-2.0/include'
pkg_cv_LIBMATEMIXER_LIBS='-lmatemixer -lgobject-2.0 -Wl,--export-dynamic -pthread -lgmodule-2.0 -lglib-2.0'
pkg_cv_LIBNOTIFY_CFLAGS='-pthread -I/usr/include/gdk-pixbuf-2.0 -I/usr/include/libmount -I/usr/include/blkid -I/usr/include/glib-2.0 -I/usr/lib/x86_64-linux-gnu/glib-2.0/include'
pkg_cv_LIBNOTIFY_LIBS='-lnotify -lgdk_pixbuf-2.0 -lgio-2.0 -lgobject-2.0 -lglib-2.0'
pkg_cv_MATE_DESKTOP_CFLAGS='-pthread -I/usr/include/mate-desktop-2.0 -I/usr/include/dconf -I/usr/include/gtk-3.0 -I/usr/include/at-spi2-atk/2.0 -I/usr/include/at-spi-2.0 -I/usr/include/dbus-1.0 -I/usr/lib/x86_64-linux-gnu/dbus-1.0/include -I/usr/include/gtk-3.0 -I/usr/include/gio-unix-2.0 -I/usr/include/cairo -I/usr/include/libdrm -I/usr/include/pango-1.0 -I/usr/include/harfbuzz -I/usr/include/pango-1.0 -I/usr/include/fribidi -I/usr/include/atk-1.0 -I/usr/include/cairo -I/usr/include/pixman-1 -I/usr/include/uuid -I/usr/include/freetype2 -I/usr/include/libpng16 -I/usr/include/gdk-pixbuf-2.0 -I/usr/include/libmount -I/usr/include/blkid -I/usr/include/glib-2.0 -I/usr/lib/x86_64-linux-gnu/glib-2.0/include -I/usr/include/startup-notification-1.0'
pkg_cv_MATE_DESKTOP_LIBS='-lmate-desktop-2 -lgtk-3 -lgdk-3 -lpangocairo-1.0 -lpango-1.0 -latk-1.0 -lcairo-gobject -lcairo -lgdk_pixbuf-2.0 -lgio-2.0 -lgobject-2.0 -lglib-2.0 -lstartup-notification-1'
pkg_cv_NSS_CFLAGS='-I/usr/include/nss -I/usr/include/nspr'
pkg_cv_NSS_LIBS='-lnss3 -lnssutil3 -lsmime3 -lssl3 -lplds4 -lplc4 -lnspr4'
pkg_cv_POLKIT_CFLAGS='-pthread -I/usr/include/polkit-1 -I/usr/include/libmount -I/usr/include/blkid -I/usr/include/glib-2.0 -I/usr/lib/x86_64-linux-gnu/glib-2.0/include -I/usr/include/dbus-1.0 -I/usr/lib/x86_64-linux-gnu/dbus-1.0/include'
pkg_cv_POLKIT_LIBS='-lpolkit-gobject-1 -lgio-2.0 -lgobject-2.0 -lglib-2.0 -ldbus-1'
pkg_cv_SETTINGS_DAEMON_CFLAGS='-pthread -I/usr/include/gtk-3.0 -I/usr/include/at-spi2-atk/2.0 -I/usr/include/at-spi-2.0 -I/usr/include/gtk-3.0 -I/usr/include/gio-unix-2.0 -I/usr/include/cairo -I/usr/include/libdrm -I/usr/include/pango-1.0 -I/usr/include/harfbuzz -I/usr/include/pango-1.0 -I/usr/include/fribidi -I/usr/include/atk-1.0 -I/usr/include/cairo -I/usr/include/pixman-1 -I/usr/include/uuid -I/usr/include/freetype2 -I/usr/include/libpng16 -I/usr/include/gdk-pixbuf-2.0 -I/usr/include/libmount -I/usr/include/blkid -I/usr/include/dbus-1.0 -I/usr/lib/x86_64-linux-gnu/dbus-1.0/include -I/usr/include/glib-2.0 -I/usr/lib/x86_64-linux-gnu/glib-2.0/include'
pkg_cv_SETTINGS_DAEMON_LIBS='-lgtk-3 -lgdk-3 -lpangocairo-1.0 -lpango-1.0 -latk-1.0 -lcairo-gobject -lcairo -lgdk_pixbuf-2.0 -lgio-2.0 -Wl,--export-dynamic -pthread -lgmodule-2.0 -pthread -lgthread-2.0 -ldbus-glib-1 -ldbus-1 -lgobject-2.0 -lglib-2.0'
pkg_cv_SETTINGS_PLUGIN_CFLAGS='-pthread -I/usr/include/gtk-3.0 -I/usr/include/at-spi2-atk/2.0 -I/usr/include/at-spi-2.0 -I/usr/include/gtk-3.0 -I/usr/include/gio-unix-2.0 -I/usr/include/cairo -I/usr/include/libdrm -I/usr/include/pango-1.0 -I/usr/include/harfbuzz -I/usr/include/pango-1.0 -I/usr/include/fribidi -I/usr/include/atk-1.0 -I/usr/include/cairo -I/usr/include/pixman-1 -I/usr/include/uuid -I/usr/include/freetype2 -I/usr/include/libpng16 -I/usr/include/gdk-pixbuf-2.0 -I/usr/include/libmount -I/usr/include/blkid -I/usr/include/dbus-1.0 -I/usr/lib/x86_64-linux-gnu/dbus-1.0/include -I/usr/include/glib-2.0 -I/usr/lib/x86_64-linux-gnu/glib-2.0/include'
pkg_cv_SETTINGS_PLUGIN_LIBS='-lgtk-3 -lgdk-3 -lpangocairo-1.0 -lpango-1.0 -latk-1.0 -lcairo-gobject -lcairo -lgdk_pixbuf-2.0 -lgio-2.0 -ldbus-glib-1 -ldbus-1 -lgobject-2.0 -lglib-2.0'
pkg_cv_XINPUT_CFLAGS=
pkg_cv_XINPUT_LIBS=-lXi

## ----------------- ##
## Output variables. ##
## ----------------- ##










		$(INSTALL_DATA) $^ "$(DESTDIR)$(gsettingsschemadir)"; \
		test -n "$(GSETTINGS_DISABLE_SCHEMAS_COMPILE)$(DESTDIR)" || $(GLIB_COMPILE_SCHEMAS) $(gsettingsschemadir); \
		test -z "$(gsettingsschemadir)" || $(MKDIR_P) "$(DESTDIR)$(gsettingsschemadir)"; \
	$(AM_V_GEN) $(GLIB_COMPILE_SCHEMAS) --strict --dry-run $(addprefix --schema-file=,$(gsettings__enum_file)) --schema-file=$< && mkdir -p $(@D) && touch $@
	$(AM_V_GEN) glib-mkenums --comments '\''<!-- @comment@ -->'\'' --fhead "<schemalist>" --vhead "  <@type@ id='\''$(gsettings_ENUM_NAMESPACE).@EnumName@'\''>" --vprod "    <value nick='\''@valuenick@'\'' value='\''@valuenum@'\''/>" --vtail "  </@type@>" --ftail "</schemalist>" $^ > $@.tmp && mv $@.tmp $@
	@$(NORMAL_INSTALL)
	@$(NORMAL_UNINSTALL)
	@list='\''$(gsettings_SCHEMAS) $(gsettings__enum_file)'\''; test -n "$(gsettingsschemadir)" || list=; \
	cd "$(DESTDIR)$(gsettingsschemadir)" && rm -f $$files
	echo " ( cd '\''$(DESTDIR)$(gsettingsschemadir)'\'' && rm -f" $$files ")"; \
	fi
	files=`for p in $$list; do echo $$p; done | sed -e '\''s|^.*/||'\''`; \
	if test -n "$^"; then \
	rm -f $(gsettings_SCHEMAS:.xml=.valid) $(gsettings__enum_file)
	test -n "$$files" || exit 0; \
	test -n "$(GSETTINGS_DISABLE_SCHEMAS_COMPILE)$(DESTDIR)" || $(GLIB_COMPILE_SCHEMAS) $(gsettingsschemadir)
$(gsettings__enum_file): $(gsettings_ENUM_FILES)
%.gschema.valid: %.gschema.xml $(gsettings__enum_file)
.PHONY : uninstall-gsettings-schemas install-gsettings-schemas clean-gsettings-schemas
.SECONDARY: $(gsettings_SCHEMAS)
ACLOCAL='${SHELL} /home/dingjing/code/ukui-settings-daemon/missing aclocal-1.16'
ALL_LINGUAS=''
AMDEPBACKSLASH='\'
AMDEP_FALSE='#'
AMDEP_TRUE=''
AMTAR='$${TAR-tar}'
AM_BACKSLASH='\'
AM_DEFAULT_V='$(AM_DEFAULT_VERBOSITY)'
AM_DEFAULT_VERBOSITY='0'
AM_V='$(V)'
AR='ar'
AUTOCONF='${SHELL} /home/dingjing/code/ukui-settings-daemon/missing autoconf'
AUTOHEADER='${SHELL} /home/dingjing/code/ukui-settings-daemon/missing autoheader'
AUTOMAKE='${SHELL} /home/dingjing/code/ukui-settings-daemon/missing automake-1.16'
AWK='mawk'
CATALOGS=''
CATOBJEXT='.gmo'
CC='gcc'
CCDEPMODE='depmode=gcc3'
CFLAGS='        -Wall         -Wchar-subscripts -Wmissing-declarations -Wmissing-prototypes         -Wnested-externs -Wpointer-arith         -Wcast-align -Wsign-compare         -g -O2 -Wno-strict-aliasing -Wno-sign-compare'
CPP='gcc -E'
CPPFLAGS=''
CXX='g++'
CXXCPP='g++ -E'
CXXDEPMODE='depmode=gcc3'
CXXFLAGS='-g -O2'
CYGPATH_W='echo'
DATADIRNAME='share'
DBUS_SYS_DIR='${sysconfdir}/dbus-1/system.d'
DCONF_CFLAGS='-pthread -I/usr/include/dconf -I/usr/include/libmount -I/usr/include/blkid -I/usr/include/glib-2.0 -I/usr/lib/x86_64-linux-gnu/glib-2.0/include'
DCONF_LIBS='-ldconf -lgio-2.0 -lgobject-2.0 -lglib-2.0'
DEBUG_CFLAGS='-DG_ENABLE_DEBUG'
DEFS='-DHAVE_CONFIG_H'
DEPDIR='.deps'
DLLTOOL='false'
DSYMUTIL=''
DUMPBIN=''
ECHO_C=''
ECHO_N='-n'
ECHO_T=''
EGREP='/usr/bin/grep -E'
EXEEXT=''
FGREP='/usr/bin/grep -F'
FONTCONFIG_CFLAGS='-I/usr/include/uuid -I/usr/include/freetype2 -I/usr/include/libpng16'
FONTCONFIG_LIBS='-lfontconfig -lfreetype'
GETTEXT_PACKAGE='ukui-settings-daemon'
GIOUNIX_CFLAGS='-pthread -I/usr/include/gio-unix-2.0 -I/usr/include/libmount -I/usr/include/blkid -I/usr/include/glib-2.0 -I/usr/lib/x86_64-linux-gnu/glib-2.0/include'
GIOUNIX_LIBS='-lgio-2.0 -lgobject-2.0 -lglib-2.0'
GLIB_COMPILE_SCHEMAS='/usr/lib/x86_64-linux-gnu/glib-2.0/glib-compile-schemas'
GLIB_GENMARSHAL='/usr/bin/glib-genmarshal'
GMOFILES=''
GMSGFMT='/usr/bin/msgfmt'
GREP='/usr/bin/grep'
GSETTINGS_DISABLE_SCHEMAS_COMPILE=''
GSETTINGS_RULES='
HAVE_POLKIT_FALSE='#'
HAVE_POLKIT_TRUE=''
HAVE_PULSE_FALSE=''
HAVE_PULSE_TRUE='#'
INSTALL_DATA='${INSTALL} -m 644'
INSTALL_PROGRAM='${INSTALL}'
INSTALL_SCRIPT='${INSTALL}'
INSTALL_STRIP_PROGRAM='$(install_sh) -c -s'
INSTOBJEXT='.mo'
INTLLIBS=''
INTLTOOL_CAVES_RULE='%.caves:     %.caves.in     $(INTLTOOL_MERGE) $(wildcard $(top_srcdir)/po/*.po) ; $(INTLTOOL_V_MERGE)LC_ALL=C $(INTLTOOL_MERGE) $(INTLTOOL_V_MERGE_OPTIONS) -d -u -c $(top_builddir)/po/.intltool-merge-cache $(top_srcdir)/po $< $@'
INTLTOOL_DESKTOP_RULE='%.desktop:   %.desktop.in   $(INTLTOOL_MERGE) $(wildcard $(top_srcdir)/po/*.po) ; $(INTLTOOL_V_MERGE)LC_ALL=C $(INTLTOOL_MERGE) $(INTLTOOL_V_MERGE_OPTIONS) -d -u -c $(top_builddir)/po/.intltool-merge-cache $(top_srcdir)/po $< $@'
INTLTOOL_DIRECTORY_RULE='%.directory: %.directory.in $(INTLTOOL_MERGE) $(wildcard $(top_srcdir)/po/*.po) ; $(INTLTOOL_V_MERGE)LC_ALL=C $(INTLTOOL_MERGE) $(INTLTOOL_V_MERGE_OPTIONS) -d -u -c $(top_builddir)/po/.intltool-merge-cache $(top_srcdir)/po $< $@'
INTLTOOL_EXTRACT='/usr/bin/intltool-extract'
INTLTOOL_KBD_RULE='%.kbd:       %.kbd.in       $(INTLTOOL_MERGE) $(wildcard $(top_srcdir)/po/*.po) ; $(INTLTOOL_V_MERGE)LC_ALL=C $(INTLTOOL_MERGE) $(INTLTOOL_V_MERGE_OPTIONS) -x -u -m -c $(top_builddir)/po/.intltool-merge-cache $(top_srcdir)/po $< $@'
INTLTOOL_KEYS_RULE='%.keys:      %.keys.in      $(INTLTOOL_MERGE) $(wildcard $(top_srcdir)/po/*.po) ; $(INTLTOOL_V_MERGE)LC_ALL=C $(INTLTOOL_MERGE) $(INTLTOOL_V_MERGE_OPTIONS) -k -u -c $(top_builddir)/po/.intltool-merge-cache $(top_srcdir)/po $< $@'
INTLTOOL_MERGE='/usr/bin/intltool-merge'
INTLTOOL_OAF_RULE='%.oaf:       %.oaf.in       $(INTLTOOL_MERGE) $(wildcard $(top_srcdir)/po/*.po) ; $(INTLTOOL_V_MERGE)LC_ALL=C $(INTLTOOL_MERGE) $(INTLTOOL_V_MERGE_OPTIONS) -o -p $(top_srcdir)/po $< $@'
INTLTOOL_PERL='/usr/bin/perl'
INTLTOOL_POLICY_RULE='%.policy:    %.policy.in    $(INTLTOOL_MERGE) $(wildcard $(top_srcdir)/po/*.po) ; $(INTLTOOL_V_MERGE)LC_ALL=C $(INTLTOOL_MERGE) $(INTLTOOL_V_MERGE_OPTIONS) -x -u -c $(top_builddir)/po/.intltool-merge-cache $(top_srcdir)/po $< $@'
INTLTOOL_PONG_RULE='%.pong:      %.pong.in      $(INTLTOOL_MERGE) $(wildcard $(top_srcdir)/po/*.po) ; $(INTLTOOL_V_MERGE)LC_ALL=C $(INTLTOOL_MERGE) $(INTLTOOL_V_MERGE_OPTIONS) -x -u -c $(top_builddir)/po/.intltool-merge-cache $(top_srcdir)/po $< $@'
INTLTOOL_PROP_RULE='%.prop:      %.prop.in      $(INTLTOOL_MERGE) $(wildcard $(top_srcdir)/po/*.po) ; $(INTLTOOL_V_MERGE)LC_ALL=C $(INTLTOOL_MERGE) $(INTLTOOL_V_MERGE_OPTIONS) -d -u -c $(top_builddir)/po/.intltool-merge-cache $(top_srcdir)/po $< $@'
INTLTOOL_SCHEMAS_RULE='%.schemas:   %.schemas.in   $(INTLTOOL_MERGE) $(wildcard $(top_srcdir)/po/*.po) ; $(INTLTOOL_V_MERGE)LC_ALL=C $(INTLTOOL_MERGE) $(INTLTOOL_V_MERGE_OPTIONS) -s -u -c $(top_builddir)/po/.intltool-merge-cache $(top_srcdir)/po $< $@'
INTLTOOL_SERVER_RULE='%.server:    %.server.in    $(INTLTOOL_MERGE) $(wildcard $(top_srcdir)/po/*.po) ; $(INTLTOOL_V_MERGE)LC_ALL=C $(INTLTOOL_MERGE) $(INTLTOOL_V_MERGE_OPTIONS) -o -u -c $(top_builddir)/po/.intltool-merge-cache $(top_srcdir)/po $< $@'
INTLTOOL_SERVICE_RULE='%.service: %.service.in   $(INTLTOOL_MERGE) $(wildcard $(top_srcdir)/po/*.po) ; $(INTLTOOL_V_MERGE)LC_ALL=C $(INTLTOOL_MERGE) $(INTLTOOL_V_MERGE_OPTIONS) -d -u -c $(top_builddir)/po/.intltool-merge-cache $(top_srcdir)/po $< $@'
INTLTOOL_SHEET_RULE='%.sheet:     %.sheet.in     $(INTLTOOL_MERGE) $(wildcard $(top_srcdir)/po/*.po) ; $(INTLTOOL_V_MERGE)LC_ALL=C $(INTLTOOL_MERGE) $(INTLTOOL_V_MERGE_OPTIONS) -x -u -c $(top_builddir)/po/.intltool-merge-cache $(top_srcdir)/po $< $@'
INTLTOOL_SOUNDLIST_RULE='%.soundlist: %.soundlist.in $(INTLTOOL_MERGE) $(wildcard $(top_srcdir)/po/*.po) ; $(INTLTOOL_V_MERGE)LC_ALL=C $(INTLTOOL_MERGE) $(INTLTOOL_V_MERGE_OPTIONS) -d -u -c $(top_builddir)/po/.intltool-merge-cache $(top_srcdir)/po $< $@'
INTLTOOL_THEME_RULE='%.theme:     %.theme.in     $(INTLTOOL_MERGE) $(wildcard $(top_srcdir)/po/*.po) ; $(INTLTOOL_V_MERGE)LC_ALL=C $(INTLTOOL_MERGE) $(INTLTOOL_V_MERGE_OPTIONS) -d -u -c $(top_builddir)/po/.intltool-merge-cache $(top_srcdir)/po $< $@'
INTLTOOL_UI_RULE='%.ui:        %.ui.in        $(INTLTOOL_MERGE) $(wildcard $(top_srcdir)/po/*.po) ; $(INTLTOOL_V_MERGE)LC_ALL=C $(INTLTOOL_MERGE) $(INTLTOOL_V_MERGE_OPTIONS) -x -u -c $(top_builddir)/po/.intltool-merge-cache $(top_srcdir)/po $< $@'
INTLTOOL_UPDATE='/usr/bin/intltool-update'
INTLTOOL_V_MERGE='$(INTLTOOL__v_MERGE_$(V))'
INTLTOOL_V_MERGE_OPTIONS='$(intltool__v_merge_options_$(V))'
INTLTOOL_XAM_RULE='%.xam:       %.xml.in       $(INTLTOOL_MERGE) $(wildcard $(top_srcdir)/po/*.po) ; $(INTLTOOL_V_MERGE)LC_ALL=C $(INTLTOOL_MERGE) $(INTLTOOL_V_MERGE_OPTIONS) -x -u -c $(top_builddir)/po/.intltool-merge-cache $(top_srcdir)/po $< $@'
INTLTOOL_XML_NOMERGE_RULE='%.xml:       %.xml.in       $(INTLTOOL_MERGE) ; $(INTLTOOL_V_MERGE)LC_ALL=C $(INTLTOOL_MERGE) $(INTLTOOL_V_MERGE_OPTIONS) -x -u --no-translations $< $@'
INTLTOOL_XML_RULE='%.xml:       %.xml.in       $(INTLTOOL_MERGE) $(wildcard $(top_srcdir)/po/*.po) ; $(INTLTOOL_V_MERGE)LC_ALL=C $(INTLTOOL_MERGE) $(INTLTOOL_V_MERGE_OPTIONS) -x -u -c $(top_builddir)/po/.intltool-merge-cache $(top_srcdir)/po $< $@'
INTLTOOL__v_MERGE_0='@echo "  ITMRG " $@;'
INTLTOOL__v_MERGE_='$(INTLTOOL__v_MERGE_$(AM_DEFAULT_VERBOSITY))'
INTL_MACOSX_LIBS=''
LD='/usr/bin/ld -m elf_x86_64'
LDFLAGS=''
LIBCANBERRA_CFLAGS='-D_REENTRANT -pthread -I/usr/include/gtk-3.0 -I/usr/include/at-spi2-atk/2.0 -I/usr/include/at-spi-2.0 -I/usr/include/dbus-1.0 -I/usr/lib/x86_64-linux-gnu/dbus-1.0/include -I/usr/include/gtk-3.0 -I/usr/include/gio-unix-2.0 -I/usr/include/cairo -I/usr/include/libdrm -I/usr/include/pango-1.0 -I/usr/include/harfbuzz -I/usr/include/pango-1.0 -I/usr/include/fribidi -I/usr/include/atk-1.0 -I/usr/include/cairo -I/usr/include/pixman-1 -I/usr/include/uuid -I/usr/include/freetype2 -I/usr/include/libpng16 -I/usr/include/gdk-pixbuf-2.0 -I/usr/include/libmount -I/usr/include/blkid -I/usr/include/glib-2.0 -I/usr/lib/x86_64-linux-gnu/glib-2.0/include'
LIBCANBERRA_LIBS='-lcanberra-gtk3 -lX11 -lcanberra -lgtk-3 -lgdk-3 -lpangocairo-1.0 -lpango-1.0 -latk-1.0 -lcairo-gobject -lcairo -lgdk_pixbuf-2.0 -lgio-2.0 -lgobject-2.0 -lglib-2.0'
LIBEXECDIR='/usr/local/libexec'
LIBMATEKBDUI_CFLAGS='-pthread -I/usr/include/gtk-3.0 -I/usr/include/gio-unix-2.0 -I/usr/include/cairo -I/usr/include/libdrm -I/usr/include/pango-1.0 -I/usr/include/harfbuzz -I/usr/include/pango-1.0 -I/usr/include/fribidi -I/usr/include/gdk-pixbuf-2.0 -I/usr/include/cairo -I/usr/include/pixman-1 -I/usr/include/uuid -I/usr/include/freetype2 -I/usr/include/libpng16 -I/usr/include/libmount -I/usr/include/blkid -I/usr/include/glib-2.0 -I/usr/lib/x86_64-linux-gnu/glib-2.0/include -I/usr/include/libxml2'
LIBMATEKBDUI_LIBS='-lmatekbdui -lmatekbd -Wl,--export-dynamic -pthread -lgmodule-2.0 -lgdk-3 -lpangocairo-1.0 -lpango-1.0 -lgdk_pixbuf-2.0 -lcairo-gobject -lcairo -lgio-2.0 -lgobject-2.0 -lglib-2.0 -lxklavier'
LIBMATEMIXER_CFLAGS='-pthread -I/usr/include/mate-mixer -I/usr/include/glib-2.0 -I/usr/lib/x86_64-linux-gnu/glib-2.0/include'
LIBMATEMIXER_LIBS='-lmatemixer -lgobject-2.0 -Wl,--export-dynamic -pthread -lgmodule-2.0 -lglib-2.0'
LIBNOTIFY_CFLAGS='-pthread -I/usr/include/gdk-pixbuf-2.0 -I/usr/include/libmount -I/usr/include/blkid -I/usr/include/glib-2.0 -I/usr/lib/x86_64-linux-gnu/glib-2.0/include'
LIBNOTIFY_LIBS='-lnotify -lgdk_pixbuf-2.0 -lgio-2.0 -lgobject-2.0 -lglib-2.0'
LIBOBJS=''
LIBS=''
LIBTOOL='$(SHELL) $(top_builddir)/libtool'
LIPO=''
LN_S='ln -s'
LTLIBOBJS=''
LT_SYS_LIBRARY_PATH=''
MAINT=''
MAINTAINER_MODE_FALSE='#'
MAINTAINER_MODE_TRUE=''
MAKEINFO='${SHELL} /home/dingjing/code/ukui-settings-daemon/missing makeinfo'
MANIFEST_TOOL=':'
MATE_DESKTOP_CFLAGS='-pthread -I/usr/include/mate-desktop-2.0 -I/usr/include/dconf -I/usr/include/gtk-3.0 -I/usr/include/at-spi2-atk/2.0 -I/usr/include/at-spi-2.0 -I/usr/include/dbus-1.0 -I/usr/lib/x86_64-linux-gnu/dbus-1.0/include -I/usr/include/gtk-3.0 -I/usr/include/gio-unix-2.0 -I/usr/include/cairo -I/usr/include/libdrm -I/usr/include/pango-1.0 -I/usr/include/harfbuzz -I/usr/include/pango-1.0 -I/usr/include/fribidi -I/usr/include/atk-1.0 -I/usr/include/cairo -I/usr/include/pixman-1 -I/usr/include/uuid -I/usr/include/freetype2 -I/usr/include/libpng16 -I/usr/include/gdk-pixbuf-2.0 -I/usr/include/libmount -I/usr/include/blkid -I/usr/include/glib-2.0 -I/usr/lib/x86_64-linux-gnu/glib-2.0/include -I/usr/include/startup-notification-1.0'
MATE_DESKTOP_LIBS='-lmate-desktop-2 -lgtk-3 -lgdk-3 -lpangocairo-1.0 -lpango-1.0 -latk-1.0 -lcairo-gobject -lcairo -lgdk_pixbuf-2.0 -lgio-2.0 -lgobject-2.0 -lglib-2.0 -lstartup-notification-1'
MKDIR_P='/usr/bin/mkdir -p'
MKINSTALLDIRS='./mkinstalldirs'
MSGFMT='/usr/bin/msgfmt'
MSGFMT_OPTS='-c'
MSGMERGE='/usr/bin/msgmerge'
NM='/usr/bin/nm -B'
NMEDIT=''
NSS_CFLAGS='-I/usr/include/nss -I/usr/include/nspr'
NSS_DATABASE='${prefix}/etc/pki/nssdb'
NSS_LIBS='-lnss3 -lnssutil3 -lsmime3 -lssl3 -lplds4 -lplc4 -lnspr4'
OBJDUMP='objdump'
OBJEXT='o'
OTOOL64=''
OTOOL=''
PACKAGE='ukui-settings-daemon'
PACKAGE_BUGREPORT='http://www.ukui.org/'
PACKAGE_NAME='ukui-settings-daemon'
PACKAGE_STRING='ukui-settings-daemon 1.1.1'
PACKAGE_TARNAME='ukui-settings-daemon'
PACKAGE_URL=''
PACKAGE_VERSION='1.1.1'
PATH_SEPARATOR=':'
PKG_CONFIG='/usr/bin/pkg-config'
PKG_CONFIG_LIBDIR=''
PKG_CONFIG_PATH=''
POFILES=''
POLKIT_CFLAGS='-pthread -I/usr/include/polkit-1 -I/usr/include/libmount -I/usr/include/blkid -I/usr/include/glib-2.0 -I/usr/lib/x86_64-linux-gnu/glib-2.0/include -I/usr/include/dbus-1.0 -I/usr/lib/x86_64-linux-gnu/dbus-1.0/include'
POLKIT_LIBS='-lpolkit-gobject-1 -lgio-2.0 -lgobject-2.0 -lglib-2.0 -ldbus-1'
POSUB='po'
PO_IN_DATADIR_FALSE=''
PO_IN_DATADIR_TRUE=''
PULSE_CFLAGS=''
PULSE_LIBS=''
RANLIB='ranlib'
SED='/usr/bin/sed'
SETTINGS_DAEMON_CFLAGS='-pthread -I/usr/include/gtk-3.0 -I/usr/include/at-spi2-atk/2.0 -I/usr/include/at-spi-2.0 -I/usr/include/gtk-3.0 -I/usr/include/gio-unix-2.0 -I/usr/include/cairo -I/usr/include/libdrm -I/usr/include/pango-1.0 -I/usr/include/harfbuzz -I/usr/include/pango-1.0 -I/usr/include/fribidi -I/usr/include/atk-1.0 -I/usr/include/cairo -I/usr/include/pixman-1 -I/usr/include/uuid -I/usr/include/freetype2 -I/usr/include/libpng16 -I/usr/include/gdk-pixbuf-2.0 -I/usr/include/libmount -I/usr/include/blkid -I/usr/include/dbus-1.0 -I/usr/lib/x86_64-linux-gnu/dbus-1.0/include -I/usr/include/glib-2.0 -I/usr/lib/x86_64-linux-gnu/glib-2.0/include'
SETTINGS_DAEMON_LIBS='-lgtk-3 -lgdk-3 -lpangocairo-1.0 -lpango-1.0 -latk-1.0 -lcairo-gobject -lcairo -lgdk_pixbuf-2.0 -lgio-2.0 -Wl,--export-dynamic -pthread -lgmodule-2.0 -pthread -lgthread-2.0 -ldbus-glib-1 -ldbus-1 -lgobject-2.0 -lglib-2.0'
SETTINGS_PLUGIN_CFLAGS='-pthread -I/usr/include/gtk-3.0 -I/usr/include/at-spi2-atk/2.0 -I/usr/include/at-spi-2.0 -I/usr/include/gtk-3.0 -I/usr/include/gio-unix-2.0 -I/usr/include/cairo -I/usr/include/libdrm -I/usr/include/pango-1.0 -I/usr/include/harfbuzz -I/usr/include/pango-1.0 -I/usr/include/fribidi -I/usr/include/atk-1.0 -I/usr/include/cairo -I/usr/include/pixman-1 -I/usr/include/uuid -I/usr/include/freetype2 -I/usr/include/libpng16 -I/usr/include/gdk-pixbuf-2.0 -I/usr/include/libmount -I/usr/include/blkid -I/usr/include/dbus-1.0 -I/usr/lib/x86_64-linux-gnu/dbus-1.0/include -I/usr/include/glib-2.0 -I/usr/lib/x86_64-linux-gnu/glib-2.0/include'
SETTINGS_PLUGIN_LIBS='-lgtk-3 -lgdk-3 -lpangocairo-1.0 -lpango-1.0 -latk-1.0 -lcairo-gobject -lcairo -lgdk_pixbuf-2.0 -lgio-2.0 -ldbus-glib-1 -ldbus-1 -lgobject-2.0 -lglib-2.0'
SET_MAKE=''
SHELL='/bin/bash'
SMARTCARD_SUPPORT_FALSE='#'
SMARTCARD_SUPPORT_TRUE=''
STRIP='strip'
UKUI_KEYBINDINGS_KEYSDIR='${datarootdir}/ukui-control-center/keybindings'
USD_INTLTOOL_PLUGIN_RULE='%.ukui-settings-plugin:   %.ukui-settings-plugin.in   $(INTLTOOL_MERGE) $(wildcard $(top_srcdir)/po/*.po) ; LC_ALL=C $(INTLTOOL_MERGE) -d -u -c $(top_builddir)/po/.intltool-merge-cache $(top_srcdir)/po $< $@'
USD_PLUGIN_LDFLAGS='-export_dynamic -module -avoid-version -no-undefined'
USE_NLS='yes'
VERSION='1.1.1'
WARN_CFLAGS='-Wall -Wmissing-prototypes '
X11_LIBS='  -lSM -lICE -lXext -lX11 '
XF86MISC_LIBS=''
XGETTEXT='/usr/bin/xgettext'
XINPUT_CFLAGS=''
XINPUT_LIBS='-lXi'
XMKMF=''
X_CFLAGS=''
X_EXTRA_LIBS=''
X_LIBS=''
X_PRE_LIBS=' -lSM -lICE'
ac_ct_AR='ar'
ac_ct_CC='gcc'
ac_ct_CXX='g++'
ac_ct_DUMPBIN=''
all-am: $(gsettings_SCHEMAS:.xml=.valid)
am__EXEEXT_FALSE=''
am__EXEEXT_TRUE='#'
am__fastdepCC_FALSE='#'
am__fastdepCC_TRUE=''
am__fastdepCXX_FALSE='#'
am__fastdepCXX_TRUE=''
am__include='include'
am__isrc=''
am__leading_dot='.'
am__nodep='_no'
am__quote=''
am__tar='tar --format=ustar -chf - "$$tardir"'
am__untar='tar -xf -'
bindir='${exec_prefix}/bin'
build='x86_64-pc-linux-gnu'
build_alias=''
build_cpu='x86_64'
build_os='linux-gnu'
build_vendor='pc'
clean-gsettings-schemas:
datadir='${datarootdir}'
datarootdir='${prefix}/share'
docdir='${datarootdir}/doc/${PACKAGE_TARNAME}'
dvidir='${docdir}'
endif'
exec_prefix='${prefix}'
gsettings__enum_file = $(addsuffix .enums.xml,$(gsettings_ENUM_NAMESPACE))
gsettingsschemadir='${datarootdir}/glib-2.0/schemas'
host='x86_64-pc-linux-gnu'
host_alias=''
host_cpu='x86_64'
host_os='linux-gnu'
host_vendor='pc'
htmldir='${docdir}'
ifdef gsettings_ENUM_NAMESPACE
includedir='${prefix}/include'
infodir='${datarootdir}/info'
install-data-am: install-gsettings-schemas
install-gsettings-schemas: $(gsettings_SCHEMAS) $(gsettings__enum_file)
install_sh='${SHELL} /home/dingjing/code/ukui-settings-daemon/install-sh'
intltool__v_merge_options_0='-q'
intltool__v_merge_options_='$(intltool__v_merge_options_$(AM_DEFAULT_VERBOSITY))'
libdir='${exec_prefix}/lib'
libexecdir='${exec_prefix}/libexec'
localedir='${datarootdir}/locale'
localstatedir='${prefix}/var'
mandir='${datarootdir}/man'
mkdir_p='$(MKDIR_P)'
mostlyclean-am: clean-gsettings-schemas
oldincludedir='/usr/include'
pdfdir='${docdir}'
plugindir='$(libdir)/ukui-settings-daemon'
prefix='/usr/local'
program_transform_name='s,x,x,'
psdir='${docdir}'
runstatedir='${localstatedir}/run'
sbindir='${exec_prefix}/sbin'
sharedstatedir='${prefix}/com'
sysconfdir='${prefix}/etc'
target_alias=''
uninstall-am: uninstall-gsettings-schemas
uninstall-gsettings-schemas:

## ----------- ##
## confdefs.h. ##
## ----------- ##

/* confdefs.h */
#define PACKAGE_NAME "ukui-settings-daemon"
#define PACKAGE_TARNAME "ukui-settings-daemon"
#define PACKAGE_VERSION "1.1.1"
#define PACKAGE_STRING "ukui-settings-daemon 1.1.1"
#define PACKAGE_BUGREPORT "http://www.ukui.org/"
#define PACKAGE_URL ""
#define PACKAGE "ukui-settings-daemon"
#define VERSION "1.1.1"
#define STDC_HEADERS 1
#define HAVE_SYS_TYPES_H 1
#define HAVE_SYS_STAT_H 1
#define HAVE_STDLIB_H 1
#define HAVE_STRING_H 1
#define HAVE_MEMORY_H 1
#define HAVE_STRINGS_H 1
#define HAVE_INTTYPES_H 1
#define HAVE_STDINT_H 1
#define HAVE_UNISTD_H 1
#define HAVE_DLFCN_H 1
#define LT_OBJDIR ".libs/"
#define STDC_HEADERS 1
#define GETTEXT_PACKAGE "ukui-settings-daemon"
#define GLIB_VERSION_MAX_ALLOWED GLIB_VERSION_2_36
#define GLIB_VERSION_MIN_REQUIRED GLIB_VERSION_2_36
#define HAVE_LOCALE_H 1
#define HAVE_LC_MESSAGES 1
#define HAVE_BIND_TEXTDOMAIN_CODESET 1
#define HAVE_GETTEXT 1
#define HAVE_DCGETTEXT 1
#define ENABLE_NLS 1
#define HAVE_LIBNOTIFY 1
#define HAVE_X11_EXTENSIONS_XKB_H 1
#define HAVE_LIBCANBERRA 1
#define HAVE_LIBMATEMIXER 1
#define SMARTCARD_SUPPORT 1
#define HAVE_POLKIT 1

configure: exit 0
